{"/Users/carlosrodq/NewDocs/programming/react/scoreboard/src/App.test.tsx": {"path":"/Users/carlosrodq/NewDocs/programming/react/scoreboard/src/App.test.tsx","all":false,"statementMap":{"0":{"start":{"line":1,"column":0},"end":{"line":1,"column":46}},"1":{"start":{"line":2,"column":0},"end":{"line":2,"column":67}},"2":{"start":{"line":3,"column":0},"end":{"line":3,"column":24}},"3":{"start":{"line":4,"column":0},"end":{"line":4,"column":60}},"5":{"start":{"line":6,"column":0},"end":{"line":6,"column":30}},"6":{"start":{"line":7,"column":0},"end":{"line":7,"column":68}},"7":{"start":{"line":8,"column":0},"end":{"line":8,"column":49}},"8":{"start":{"line":9,"column":0},"end":{"line":9,"column":56}},"9":{"start":{"line":10,"column":0},"end":{"line":10,"column":6}},"10":{"start":{"line":11,"column":0},"end":{"line":11,"column":5}},"11":{"start":{"line":12,"column":0},"end":{"line":12,"column":3}},"13":{"start":{"line":14,"column":0},"end":{"line":14,"column":23}},"14":{"start":{"line":15,"column":0},"end":{"line":15,"column":31}},"15":{"start":{"line":16,"column":0},"end":{"line":16,"column":20}},"17":{"start":{"line":18,"column":0},"end":{"line":18,"column":47}},"19":{"start":{"line":20,"column":0},"end":{"line":20,"column":33}},"20":{"start":{"line":21,"column":0},"end":{"line":21,"column":64}},"21":{"start":{"line":22,"column":0},"end":{"line":22,"column":5}},"23":{"start":{"line":24,"column":0},"end":{"line":24,"column":46}},"24":{"start":{"line":25,"column":0},"end":{"line":25,"column":20}},"25":{"start":{"line":26,"column":0},"end":{"line":26,"column":51}},"26":{"start":{"line":27,"column":0},"end":{"line":27,"column":41}},"27":{"start":{"line":28,"column":0},"end":{"line":28,"column":5}},"29":{"start":{"line":30,"column":0},"end":{"line":30,"column":48}},"30":{"start":{"line":31,"column":0},"end":{"line":31,"column":20}},"31":{"start":{"line":32,"column":0},"end":{"line":32,"column":54}},"32":{"start":{"line":33,"column":0},"end":{"line":33,"column":43}},"33":{"start":{"line":34,"column":0},"end":{"line":34,"column":5}},"35":{"start":{"line":36,"column":0},"end":{"line":36,"column":103}},"36":{"start":{"line":37,"column":0},"end":{"line":37,"column":20}},"37":{"start":{"line":38,"column":0},"end":{"line":38,"column":67}},"38":{"start":{"line":39,"column":0},"end":{"line":39,"column":67}},"39":{"start":{"line":40,"column":0},"end":{"line":40,"column":61}},"41":{"start":{"line":42,"column":0},"end":{"line":42,"column":67}},"42":{"start":{"line":43,"column":0},"end":{"line":43,"column":74}},"43":{"start":{"line":44,"column":0},"end":{"line":44,"column":38}},"45":{"start":{"line":46,"column":0},"end":{"line":46,"column":57}},"46":{"start":{"line":47,"column":0},"end":{"line":47,"column":37}},"48":{"start":{"line":49,"column":0},"end":{"line":49,"column":38}},"49":{"start":{"line":50,"column":0},"end":{"line":50,"column":51}},"50":{"start":{"line":51,"column":0},"end":{"line":51,"column":58}},"52":{"start":{"line":53,"column":0},"end":{"line":53,"column":57}},"53":{"start":{"line":54,"column":0},"end":{"line":54,"column":44}},"54":{"start":{"line":55,"column":0},"end":{"line":55,"column":44}},"55":{"start":{"line":56,"column":0},"end":{"line":56,"column":5}},"56":{"start":{"line":57,"column":0},"end":{"line":57,"column":2}}},"s":{"0":1,"1":1,"2":1,"3":1,"5":1,"6":1,"7":1,"8":1,"9":1,"10":1,"11":1,"13":1,"14":1,"15":1,"17":1,"19":1,"20":1,"21":1,"23":1,"24":1,"25":1,"26":1,"27":1,"29":1,"30":1,"31":1,"32":1,"33":1,"35":1,"36":0,"37":0,"38":0,"39":0,"41":0,"42":0,"43":0,"45":0,"46":0,"48":0,"49":0,"50":0,"52":0,"53":0,"54":0,"55":1,"56":1},"branchMap":{"0":{"type":"branch","line":6,"loc":{"start":{"line":6,"column":23},"end":{"line":12,"column":3}},"locations":[{"start":{"line":6,"column":23},"end":{"line":12,"column":3}}]},"1":{"type":"branch","line":7,"loc":{"start":{"line":7,"column":61},"end":{"line":11,"column":3}},"locations":[{"start":{"line":7,"column":61},"end":{"line":11,"column":3}}]},"2":{"type":"branch","line":8,"loc":{"start":{"line":8,"column":11},"end":{"line":8,"column":39}},"locations":[{"start":{"line":8,"column":11},"end":{"line":8,"column":39}}]},"3":{"type":"branch","line":14,"loc":{"start":{"line":14,"column":16},"end":{"line":57,"column":2}},"locations":[{"start":{"line":14,"column":16},"end":{"line":57,"column":2}}]},"4":{"type":"branch","line":15,"loc":{"start":{"line":15,"column":24},"end":{"line":22,"column":3}},"locations":[{"start":{"line":15,"column":24},"end":{"line":22,"column":3}}]},"5":{"type":"branch","line":24,"loc":{"start":{"line":24,"column":39},"end":{"line":28,"column":3}},"locations":[{"start":{"line":24,"column":39},"end":{"line":28,"column":3}}]},"6":{"type":"branch","line":30,"loc":{"start":{"line":30,"column":41},"end":{"line":34,"column":3}},"locations":[{"start":{"line":30,"column":41},"end":{"line":34,"column":3}}]}},"b":{"0":[1],"1":[1],"2":[1],"3":[1],"4":[1],"5":[1],"6":[1]},"fnMap":{},"f":{}}
,"/Users/carlosrodq/NewDocs/programming/react/scoreboard/src/App.tsx": {"path":"/Users/carlosrodq/NewDocs/programming/react/scoreboard/src/App.tsx","all":false,"statementMap":{"0":{"start":{"line":1,"column":0},"end":{"line":1,"column":33}},"1":{"start":{"line":2,"column":0},"end":{"line":2,"column":18}},"2":{"start":{"line":3,"column":0},"end":{"line":3,"column":53}},"3":{"start":{"line":4,"column":0},"end":{"line":4,"column":59}},"5":{"start":{"line":6,"column":0},"end":{"line":6,"column":51}},"6":{"start":{"line":7,"column":0},"end":{"line":7,"column":58}},"8":{"start":{"line":9,"column":0},"end":{"line":9,"column":16}},"9":{"start":{"line":10,"column":0},"end":{"line":10,"column":71}},"10":{"start":{"line":11,"column":0},"end":{"line":11,"column":10}},"11":{"start":{"line":12,"column":0},"end":{"line":12,"column":61}},"12":{"start":{"line":13,"column":0},"end":{"line":13,"column":39}},"13":{"start":{"line":14,"column":0},"end":{"line":14,"column":19}},"14":{"start":{"line":15,"column":0},"end":{"line":15,"column":20}},"15":{"start":{"line":16,"column":0},"end":{"line":16,"column":30}},"17":{"start":{"line":18,"column":0},"end":{"line":18,"column":1}},"19":{"start":{"line":20,"column":0},"end":{"line":20,"column":18}}},"s":{"0":1,"1":1,"2":1,"3":1,"5":1,"6":1,"8":3,"9":3,"10":3,"11":3,"12":3,"13":3,"14":3,"15":3,"17":3,"19":1},"branchMap":{"0":{"type":"branch","line":9,"loc":{"start":{"line":9,"column":0},"end":{"line":18,"column":1}},"locations":[{"start":{"line":9,"column":0},"end":{"line":18,"column":1}}]}},"b":{"0":[3]},"fnMap":{"0":{"name":"App","decl":{"start":{"line":9,"column":0},"end":{"line":18,"column":1}},"loc":{"start":{"line":9,"column":0},"end":{"line":18,"column":1}},"line":9}},"f":{"0":3}}
,"/Users/carlosrodq/NewDocs/programming/react/scoreboard/src/main.tsx": {"path":"/Users/carlosrodq/NewDocs/programming/react/scoreboard/src/main.tsx","all":true,"statementMap":{"0":{"start":{"line":1,"column":0},"end":{"line":1,"column":34}},"1":{"start":{"line":2,"column":0},"end":{"line":2,"column":45}},"2":{"start":{"line":3,"column":0},"end":{"line":3,"column":20}},"3":{"start":{"line":4,"column":0},"end":{"line":4,"column":27}},"5":{"start":{"line":6,"column":0},"end":{"line":6,"column":52}},"6":{"start":{"line":7,"column":0},"end":{"line":7,"column":14}},"7":{"start":{"line":8,"column":0},"end":{"line":8,"column":11}},"8":{"start":{"line":9,"column":0},"end":{"line":9,"column":16}},"9":{"start":{"line":10,"column":0},"end":{"line":10,"column":1}}},"s":{"0":0,"1":0,"2":0,"3":0,"5":0,"6":0,"7":0,"8":0,"9":0},"branchMap":{"0":{"type":"branch","line":1,"loc":{"start":{"line":1,"column":229},"end":{"line":10,"column":1}},"locations":[{"start":{"line":1,"column":229},"end":{"line":10,"column":1}}]}},"b":{"0":[0]},"fnMap":{"0":{"name":"(empty-report)","decl":{"start":{"line":1,"column":229},"end":{"line":10,"column":1}},"loc":{"start":{"line":1,"column":229},"end":{"line":10,"column":1}},"line":1}},"f":{"0":0}}
,"/Users/carlosrodq/NewDocs/programming/react/scoreboard/src/vite-env.d.ts": {"path":"/Users/carlosrodq/NewDocs/programming/react/scoreboard/src/vite-env.d.ts","all":true,"statementMap":{},"s":{},"branchMap":{"0":{"type":"branch","line":1,"loc":{"start":{"line":1,"column":37},"end":{"line":1,"column":37}},"locations":[{"start":{"line":1,"column":37},"end":{"line":1,"column":37}}]}},"b":{"0":[1]},"fnMap":{"0":{"name":"(empty-report)","decl":{"start":{"line":1,"column":37},"end":{"line":1,"column":37}},"loc":{"start":{"line":1,"column":37},"end":{"line":1,"column":37}},"line":1}},"f":{"0":1}}
,"/Users/carlosrodq/NewDocs/programming/react/scoreboard/src/components/AddMatch/AddMatch.test.tsx": {"path":"/Users/carlosrodq/NewDocs/programming/react/scoreboard/src/components/AddMatch/AddMatch.test.tsx","all":false,"statementMap":{"0":{"start":{"line":1,"column":0},"end":{"line":1,"column":52}},"1":{"start":{"line":2,"column":0},"end":{"line":2,"column":67}},"2":{"start":{"line":3,"column":0},"end":{"line":3,"column":34}},"3":{"start":{"line":4,"column":0},"end":{"line":4,"column":62}},"6":{"start":{"line":7,"column":0},"end":{"line":7,"column":28}},"7":{"start":{"line":8,"column":0},"end":{"line":8,"column":29}},"8":{"start":{"line":9,"column":0},"end":{"line":9,"column":68}},"9":{"start":{"line":10,"column":0},"end":{"line":10,"column":81}},"10":{"start":{"line":11,"column":0},"end":{"line":11,"column":16}},"11":{"start":{"line":12,"column":0},"end":{"line":12,"column":30}},"14":{"start":{"line":15,"column":0},"end":{"line":15,"column":61}},"15":{"start":{"line":16,"column":0},"end":{"line":16,"column":38}},"16":{"start":{"line":17,"column":0},"end":{"line":17,"column":73}},"17":{"start":{"line":18,"column":0},"end":{"line":18,"column":73}},"18":{"start":{"line":19,"column":0},"end":{"line":19,"column":64}},"19":{"start":{"line":20,"column":0},"end":{"line":20,"column":5}},"21":{"start":{"line":22,"column":0},"end":{"line":22,"column":44}},"22":{"start":{"line":23,"column":0},"end":{"line":23,"column":38}},"24":{"start":{"line":25,"column":0},"end":{"line":25,"column":63}},"25":{"start":{"line":26,"column":0},"end":{"line":26,"column":63}},"26":{"start":{"line":27,"column":0},"end":{"line":27,"column":57}},"28":{"start":{"line":29,"column":0},"end":{"line":29,"column":64}},"29":{"start":{"line":30,"column":0},"end":{"line":30,"column":65}},"30":{"start":{"line":31,"column":0},"end":{"line":31,"column":34}},"32":{"start":{"line":33,"column":0},"end":{"line":33,"column":181}},"33":{"start":{"line":34,"column":0},"end":{"line":34,"column":5}},"34":{"start":{"line":35,"column":0},"end":{"line":35,"column":3}}},"s":{"0":1,"1":1,"2":1,"3":1,"6":1,"7":1,"8":1,"9":2,"10":2,"11":2,"14":1,"15":1,"16":1,"17":1,"18":1,"19":1,"21":1,"22":1,"24":1,"25":1,"26":1,"28":1,"29":1,"30":1,"32":1,"33":1,"34":1},"branchMap":{"0":{"type":"branch","line":7,"loc":{"start":{"line":7,"column":21},"end":{"line":35,"column":3}},"locations":[{"start":{"line":7,"column":21},"end":{"line":35,"column":3}}]},"1":{"type":"branch","line":9,"loc":{"start":{"line":9,"column":18},"end":{"line":12,"column":30}},"locations":[{"start":{"line":9,"column":18},"end":{"line":12,"column":30}}]},"2":{"type":"branch","line":15,"loc":{"start":{"line":15,"column":54},"end":{"line":20,"column":3}},"locations":[{"start":{"line":15,"column":54},"end":{"line":20,"column":3}}]},"3":{"type":"branch","line":22,"loc":{"start":{"line":22,"column":37},"end":{"line":34,"column":3}},"locations":[{"start":{"line":22,"column":37},"end":{"line":34,"column":3}}]}},"b":{"0":[1],"1":[2],"2":[1],"3":[1]},"fnMap":{"0":{"name":"wrapper","decl":{"start":{"line":9,"column":18},"end":{"line":12,"column":30}},"loc":{"start":{"line":9,"column":18},"end":{"line":12,"column":30}},"line":9}},"f":{"0":2}}
,"/Users/carlosrodq/NewDocs/programming/react/scoreboard/src/components/AddMatch/AddMatch.tsx": {"path":"/Users/carlosrodq/NewDocs/programming/react/scoreboard/src/components/AddMatch/AddMatch.tsx","all":false,"statementMap":{"0":{"start":{"line":1,"column":0},"end":{"line":1,"column":39}},"1":{"start":{"line":2,"column":0},"end":{"line":2,"column":33}},"2":{"start":{"line":3,"column":0},"end":{"line":3,"column":58}},"3":{"start":{"line":4,"column":0},"end":{"line":4,"column":36}},"5":{"start":{"line":6,"column":0},"end":{"line":6,"column":33}},"15":{"start":{"line":16,"column":0},"end":{"line":16,"column":25}},"21":{"start":{"line":22,"column":0},"end":{"line":22,"column":27}},"35":{"start":{"line":36,"column":0},"end":{"line":36,"column":29}},"50":{"start":{"line":51,"column":0},"end":{"line":51,"column":24}},"55":{"start":{"line":56,"column":0},"end":{"line":56,"column":24}},"56":{"start":{"line":57,"column":0},"end":{"line":57,"column":47}},"57":{"start":{"line":58,"column":0},"end":{"line":58,"column":47}},"58":{"start":{"line":59,"column":0},"end":{"line":59,"column":47}},"60":{"start":{"line":61,"column":0},"end":{"line":61,"column":67}},"61":{"start":{"line":62,"column":0},"end":{"line":62,"column":23}},"62":{"start":{"line":63,"column":0},"end":{"line":63,"column":30}},"63":{"start":{"line":64,"column":0},"end":{"line":64,"column":105}},"64":{"start":{"line":65,"column":0},"end":{"line":65,"column":20}},"65":{"start":{"line":66,"column":0},"end":{"line":66,"column":20}},"66":{"start":{"line":67,"column":0},"end":{"line":67,"column":3}},"67":{"start":{"line":68,"column":0},"end":{"line":68,"column":10}},"68":{"start":{"line":69,"column":0},"end":{"line":69,"column":21}},"69":{"start":{"line":70,"column":0},"end":{"line":70,"column":40}},"70":{"start":{"line":71,"column":0},"end":{"line":71,"column":34}},"71":{"start":{"line":72,"column":0},"end":{"line":72,"column":127}},"72":{"start":{"line":73,"column":0},"end":{"line":73,"column":127}},"73":{"start":{"line":74,"column":0},"end":{"line":74,"column":52}},"74":{"start":{"line":75,"column":0},"end":{"line":75,"column":15}},"75":{"start":{"line":76,"column":0},"end":{"line":76,"column":22}},"77":{"start":{"line":78,"column":0},"end":{"line":78,"column":1}},"79":{"start":{"line":80,"column":0},"end":{"line":80,"column":24}}},"s":{"0":1,"1":1,"2":1,"3":1,"5":1,"15":1,"21":1,"35":1,"50":1,"55":1,"56":8,"57":8,"58":8,"60":8,"61":1,"62":1,"63":1,"64":1,"65":1,"66":1,"67":8,"68":8,"69":8,"70":8,"71":8,"72":8,"73":8,"74":8,"75":8,"77":8,"79":1},"branchMap":{"0":{"type":"branch","line":56,"loc":{"start":{"line":56,"column":17},"end":{"line":78,"column":1}},"locations":[{"start":{"line":56,"column":17},"end":{"line":78,"column":1}}]},"1":{"type":"branch","line":61,"loc":{"start":{"line":61,"column":25},"end":{"line":67,"column":3}},"locations":[{"start":{"line":61,"column":25},"end":{"line":67,"column":3}}]},"2":{"type":"branch","line":72,"loc":{"start":{"line":72,"column":80},"end":{"line":72,"column":116}},"locations":[{"start":{"line":72,"column":80},"end":{"line":72,"column":116}}]},"3":{"type":"branch","line":73,"loc":{"start":{"line":73,"column":80},"end":{"line":73,"column":116}},"locations":[{"start":{"line":73,"column":80},"end":{"line":73,"column":116}}]}},"b":{"0":[8],"1":[1],"2":[1],"3":[1]},"fnMap":{"0":{"name":"AddMatch","decl":{"start":{"line":56,"column":17},"end":{"line":78,"column":1}},"loc":{"start":{"line":56,"column":17},"end":{"line":78,"column":1}},"line":56},"1":{"name":"handleAddMatch","decl":{"start":{"line":61,"column":25},"end":{"line":67,"column":3}},"loc":{"start":{"line":61,"column":25},"end":{"line":67,"column":3}},"line":61},"2":{"name":"onChange","decl":{"start":{"line":72,"column":80},"end":{"line":72,"column":116}},"loc":{"start":{"line":72,"column":80},"end":{"line":72,"column":116}},"line":72},"3":{"name":"onChange","decl":{"start":{"line":73,"column":80},"end":{"line":73,"column":116}},"loc":{"start":{"line":73,"column":80},"end":{"line":73,"column":116}},"line":73}},"f":{"0":8,"1":1,"2":1,"3":1}}
,"/Users/carlosrodq/NewDocs/programming/react/scoreboard/src/components/Scoreboard/Scoreboard.test.tsx": {"path":"/Users/carlosrodq/NewDocs/programming/react/scoreboard/src/components/Scoreboard/Scoreboard.test.tsx","all":false,"statementMap":{"0":{"start":{"line":1,"column":0},"end":{"line":1,"column":52}},"1":{"start":{"line":2,"column":0},"end":{"line":2,"column":56}},"2":{"start":{"line":3,"column":0},"end":{"line":3,"column":38}},"3":{"start":{"line":4,"column":0},"end":{"line":4,"column":62}},"5":{"start":{"line":6,"column":0},"end":{"line":6,"column":55}},"7":{"start":{"line":8,"column":0},"end":{"line":8,"column":30}},"8":{"start":{"line":9,"column":0},"end":{"line":9,"column":41}},"9":{"start":{"line":10,"column":0},"end":{"line":10,"column":12}},"10":{"start":{"line":11,"column":0},"end":{"line":11,"column":24}},"11":{"start":{"line":12,"column":0},"end":{"line":12,"column":23}},"12":{"start":{"line":13,"column":0},"end":{"line":13,"column":17}},"13":{"start":{"line":14,"column":0},"end":{"line":14,"column":17}},"14":{"start":{"line":15,"column":0},"end":{"line":15,"column":21}},"15":{"start":{"line":16,"column":0},"end":{"line":16,"column":22}},"16":{"start":{"line":17,"column":0},"end":{"line":17,"column":4}},"18":{"start":{"line":19,"column":0},"end":{"line":19,"column":73}},"19":{"start":{"line":20,"column":0},"end":{"line":20,"column":18}},"20":{"start":{"line":21,"column":0},"end":{"line":21,"column":31}},"21":{"start":{"line":22,"column":0},"end":{"line":22,"column":17}},"22":{"start":{"line":23,"column":0},"end":{"line":23,"column":28}},"23":{"start":{"line":24,"column":0},"end":{"line":24,"column":31}},"24":{"start":{"line":25,"column":0},"end":{"line":25,"column":10}},"26":{"start":{"line":27,"column":0},"end":{"line":27,"column":22}},"27":{"start":{"line":28,"column":0},"end":{"line":28,"column":32}},"28":{"start":{"line":29,"column":0},"end":{"line":29,"column":6}},"29":{"start":{"line":30,"column":0},"end":{"line":30,"column":4}},"31":{"start":{"line":32,"column":0},"end":{"line":32,"column":52}},"32":{"start":{"line":33,"column":0},"end":{"line":33,"column":24}},"34":{"start":{"line":35,"column":0},"end":{"line":35,"column":56}},"35":{"start":{"line":36,"column":0},"end":{"line":36,"column":36}},"36":{"start":{"line":37,"column":0},"end":{"line":37,"column":59}},"37":{"start":{"line":38,"column":0},"end":{"line":38,"column":59}},"39":{"start":{"line":40,"column":0},"end":{"line":40,"column":58}},"40":{"start":{"line":41,"column":0},"end":{"line":41,"column":59}},"41":{"start":{"line":42,"column":0},"end":{"line":42,"column":5}},"43":{"start":{"line":44,"column":0},"end":{"line":44,"column":48}},"44":{"start":{"line":45,"column":0},"end":{"line":45,"column":43}},"46":{"start":{"line":47,"column":0},"end":{"line":47,"column":66}},"47":{"start":{"line":48,"column":0},"end":{"line":48,"column":5}},"49":{"start":{"line":50,"column":0},"end":{"line":50,"column":62}},"50":{"start":{"line":51,"column":0},"end":{"line":51,"column":26}},"52":{"start":{"line":53,"column":0},"end":{"line":53,"column":71}},"53":{"start":{"line":54,"column":0},"end":{"line":54,"column":5}},"54":{"start":{"line":55,"column":0},"end":{"line":55,"column":3}}},"s":{"0":1,"1":1,"2":1,"3":1,"5":1,"7":1,"8":1,"9":1,"10":1,"11":1,"12":1,"13":1,"14":1,"15":1,"16":1,"18":1,"19":3,"20":3,"21":3,"22":3,"23":3,"24":3,"26":3,"27":3,"28":3,"29":3,"31":1,"32":1,"34":1,"35":1,"36":1,"37":1,"39":1,"40":1,"41":1,"43":1,"44":1,"46":1,"47":1,"49":1,"50":1,"52":1,"53":1,"54":1},"branchMap":{"0":{"type":"branch","line":8,"loc":{"start":{"line":8,"column":23},"end":{"line":55,"column":3}},"locations":[{"start":{"line":8,"column":23},"end":{"line":55,"column":3}}]},"1":{"type":"branch","line":19,"loc":{"start":{"line":19,"column":28},"end":{"line":30,"column":4}},"locations":[{"start":{"line":19,"column":28},"end":{"line":30,"column":4}}]},"2":{"type":"branch","line":32,"loc":{"start":{"line":32,"column":45},"end":{"line":42,"column":3}},"locations":[{"start":{"line":32,"column":45},"end":{"line":42,"column":3}}]},"3":{"type":"branch","line":44,"loc":{"start":{"line":44,"column":41},"end":{"line":48,"column":3}},"locations":[{"start":{"line":44,"column":41},"end":{"line":48,"column":3}}]},"4":{"type":"branch","line":50,"loc":{"start":{"line":50,"column":55},"end":{"line":54,"column":3}},"locations":[{"start":{"line":50,"column":55},"end":{"line":54,"column":3}}]}},"b":{"0":[1],"1":[3],"2":[1],"3":[1],"4":[1]},"fnMap":{"0":{"name":"renderWithContext","decl":{"start":{"line":19,"column":28},"end":{"line":30,"column":4}},"loc":{"start":{"line":19,"column":28},"end":{"line":30,"column":4}},"line":19}},"f":{"0":3}}
,"/Users/carlosrodq/NewDocs/programming/react/scoreboard/src/components/Scoreboard/Scoreboard.tsx": {"path":"/Users/carlosrodq/NewDocs/programming/react/scoreboard/src/components/Scoreboard/Scoreboard.tsx","all":false,"statementMap":{"0":{"start":{"line":1,"column":0},"end":{"line":1,"column":39}},"1":{"start":{"line":2,"column":0},"end":{"line":2,"column":58}},"4":{"start":{"line":5,"column":0},"end":{"line":5,"column":34}},"10":{"start":{"line":11,"column":0},"end":{"line":11,"column":28}},"17":{"start":{"line":18,"column":0},"end":{"line":18,"column":29}},"22":{"start":{"line":23,"column":0},"end":{"line":23,"column":26}},"28":{"start":{"line":29,"column":0},"end":{"line":29,"column":26}},"29":{"start":{"line":30,"column":0},"end":{"line":30,"column":35}},"30":{"start":{"line":31,"column":0},"end":{"line":31,"column":85}},"31":{"start":{"line":32,"column":0},"end":{"line":32,"column":10}},"32":{"start":{"line":33,"column":0},"end":{"line":33,"column":22}},"33":{"start":{"line":34,"column":0},"end":{"line":34,"column":27}},"34":{"start":{"line":35,"column":0},"end":{"line":35,"column":64}},"35":{"start":{"line":36,"column":0},"end":{"line":36,"column":56}},"36":{"start":{"line":37,"column":0},"end":{"line":37,"column":49}},"37":{"start":{"line":38,"column":0},"end":{"line":38,"column":44}},"38":{"start":{"line":39,"column":0},"end":{"line":39,"column":26}},"39":{"start":{"line":40,"column":0},"end":{"line":40,"column":44}},"40":{"start":{"line":41,"column":0},"end":{"line":41,"column":49}},"41":{"start":{"line":42,"column":0},"end":{"line":42,"column":21}},"42":{"start":{"line":43,"column":0},"end":{"line":43,"column":11}},"43":{"start":{"line":44,"column":0},"end":{"line":44,"column":23}},"45":{"start":{"line":46,"column":0},"end":{"line":46,"column":1}},"47":{"start":{"line":48,"column":0},"end":{"line":48,"column":26}}},"s":{"0":1,"1":1,"4":1,"10":1,"17":1,"22":1,"28":1,"29":11,"30":11,"31":11,"32":11,"33":11,"34":11,"35":20,"36":20,"37":20,"38":20,"39":20,"40":20,"41":20,"42":11,"43":11,"45":11,"47":1},"branchMap":{"0":{"type":"branch","line":29,"loc":{"start":{"line":29,"column":19},"end":{"line":46,"column":1}},"locations":[{"start":{"line":29,"column":19},"end":{"line":46,"column":1}}]},"1":{"type":"branch","line":31,"loc":{"start":{"line":31,"column":37},"end":{"line":31,"column":83}},"locations":[{"start":{"line":31,"column":37},"end":{"line":31,"column":83}}]},"2":{"type":"branch","line":35,"loc":{"start":{"line":35,"column":25},"end":{"line":42,"column":21}},"locations":[{"start":{"line":35,"column":25},"end":{"line":42,"column":21}}]}},"b":{"0":[11],"1":[21],"2":[20]},"fnMap":{"0":{"name":"Scoreboard","decl":{"start":{"line":29,"column":19},"end":{"line":46,"column":1}},"loc":{"start":{"line":29,"column":19},"end":{"line":46,"column":1}},"line":29}},"f":{"0":11}}
,"/Users/carlosrodq/NewDocs/programming/react/scoreboard/src/context/MatchesContext.ts": {"path":"/Users/carlosrodq/NewDocs/programming/react/scoreboard/src/context/MatchesContext.ts","all":false,"statementMap":{"0":{"start":{"line":1,"column":0},"end":{"line":1,"column":50}},"8":{"start":{"line":9,"column":0},"end":{"line":9,"column":87}},"10":{"start":{"line":11,"column":0},"end":{"line":11,"column":33}},"11":{"start":{"line":12,"column":0},"end":{"line":12,"column":45}},"12":{"start":{"line":13,"column":0},"end":{"line":13,"column":17}},"13":{"start":{"line":14,"column":0},"end":{"line":14,"column":72}},"14":{"start":{"line":15,"column":0},"end":{"line":15,"column":3}},"15":{"start":{"line":16,"column":0},"end":{"line":16,"column":17}},"16":{"start":{"line":17,"column":0},"end":{"line":17,"column":2}}},"s":{"0":1,"8":1,"10":1,"11":19,"12":19,"13":4,"14":4,"15":14,"16":14},"branchMap":{"0":{"type":"branch","line":11,"loc":{"start":{"line":11,"column":26},"end":{"line":17,"column":2}},"locations":[{"start":{"line":11,"column":26},"end":{"line":17,"column":2}}]},"1":{"type":"branch","line":13,"loc":{"start":{"line":13,"column":16},"end":{"line":15,"column":3}},"locations":[{"start":{"line":13,"column":16},"end":{"line":15,"column":3}}]},"2":{"type":"branch","line":15,"loc":{"start":{"line":15,"column":2},"end":{"line":17,"column":2}},"locations":[{"start":{"line":15,"column":2},"end":{"line":17,"column":2}}]}},"b":{"0":[19],"1":[4],"2":[14]},"fnMap":{"0":{"name":"useMatches","decl":{"start":{"line":11,"column":26},"end":{"line":17,"column":2}},"loc":{"start":{"line":11,"column":26},"end":{"line":17,"column":2}},"line":11}},"f":{"0":19}}
}
