{"/Users/carlosrodq/NewDocs/programming/react/scoreboard/src/App.test.tsx": {"path":"/Users/carlosrodq/NewDocs/programming/react/scoreboard/src/App.test.tsx","all":false,"statementMap":{"0":{"start":{"line":1,"column":0},"end":{"line":1,"column":46}},"1":{"start":{"line":2,"column":0},"end":{"line":2,"column":72}},"2":{"start":{"line":3,"column":0},"end":{"line":3,"column":24}},"3":{"start":{"line":4,"column":0},"end":{"line":4,"column":60}},"5":{"start":{"line":6,"column":0},"end":{"line":6,"column":30}},"6":{"start":{"line":7,"column":0},"end":{"line":7,"column":68}},"7":{"start":{"line":8,"column":0},"end":{"line":8,"column":49}},"8":{"start":{"line":9,"column":0},"end":{"line":9,"column":56}},"9":{"start":{"line":10,"column":0},"end":{"line":10,"column":6}},"10":{"start":{"line":11,"column":0},"end":{"line":11,"column":5}},"11":{"start":{"line":12,"column":0},"end":{"line":12,"column":3}},"13":{"start":{"line":14,"column":0},"end":{"line":14,"column":23}},"14":{"start":{"line":15,"column":0},"end":{"line":15,"column":31}},"15":{"start":{"line":16,"column":0},"end":{"line":16,"column":20}},"17":{"start":{"line":18,"column":0},"end":{"line":18,"column":47}},"19":{"start":{"line":20,"column":0},"end":{"line":20,"column":33}},"20":{"start":{"line":21,"column":0},"end":{"line":21,"column":74}},"21":{"start":{"line":22,"column":0},"end":{"line":22,"column":5}},"23":{"start":{"line":24,"column":0},"end":{"line":24,"column":68}},"24":{"start":{"line":25,"column":0},"end":{"line":25,"column":20}},"26":{"start":{"line":27,"column":0},"end":{"line":27,"column":62}},"27":{"start":{"line":28,"column":0},"end":{"line":28,"column":71}},"28":{"start":{"line":29,"column":0},"end":{"line":29,"column":80}},"29":{"start":{"line":30,"column":0},"end":{"line":30,"column":5}},"31":{"start":{"line":32,"column":0},"end":{"line":32,"column":55}},"32":{"start":{"line":33,"column":0},"end":{"line":33,"column":20}},"34":{"start":{"line":35,"column":0},"end":{"line":35,"column":29}},"35":{"start":{"line":36,"column":0},"end":{"line":36,"column":30}},"37":{"start":{"line":38,"column":0},"end":{"line":38,"column":15}},"38":{"start":{"line":39,"column":0},"end":{"line":39,"column":59}},"40":{"start":{"line":41,"column":0},"end":{"line":41,"column":69}},"41":{"start":{"line":42,"column":0},"end":{"line":42,"column":69}},"43":{"start":{"line":44,"column":0},"end":{"line":44,"column":71}},"44":{"start":{"line":45,"column":0},"end":{"line":45,"column":71}},"45":{"start":{"line":46,"column":0},"end":{"line":46,"column":38}},"46":{"start":{"line":47,"column":0},"end":{"line":47,"column":7}},"48":{"start":{"line":49,"column":0},"end":{"line":49,"column":87}},"49":{"start":{"line":50,"column":0},"end":{"line":50,"column":65}},"50":{"start":{"line":51,"column":0},"end":{"line":51,"column":72}},"51":{"start":{"line":52,"column":0},"end":{"line":52,"column":59}},"52":{"start":{"line":53,"column":0},"end":{"line":53,"column":59}},"53":{"start":{"line":54,"column":0},"end":{"line":54,"column":5}},"55":{"start":{"line":56,"column":0},"end":{"line":56,"column":98}},"56":{"start":{"line":57,"column":0},"end":{"line":57,"column":20}},"58":{"start":{"line":59,"column":0},"end":{"line":59,"column":29}},"59":{"start":{"line":60,"column":0},"end":{"line":60,"column":30}},"61":{"start":{"line":62,"column":0},"end":{"line":62,"column":15}},"62":{"start":{"line":63,"column":0},"end":{"line":63,"column":59}},"64":{"start":{"line":65,"column":0},"end":{"line":65,"column":69}},"65":{"start":{"line":66,"column":0},"end":{"line":66,"column":69}},"67":{"start":{"line":68,"column":0},"end":{"line":68,"column":71}},"68":{"start":{"line":69,"column":0},"end":{"line":69,"column":71}},"69":{"start":{"line":70,"column":0},"end":{"line":70,"column":38}},"70":{"start":{"line":71,"column":0},"end":{"line":71,"column":7}},"72":{"start":{"line":73,"column":0},"end":{"line":73,"column":57}},"73":{"start":{"line":74,"column":0},"end":{"line":74,"column":37}},"75":{"start":{"line":76,"column":0},"end":{"line":76,"column":38}},"76":{"start":{"line":77,"column":0},"end":{"line":77,"column":53}},"77":{"start":{"line":78,"column":0},"end":{"line":78,"column":53}},"79":{"start":{"line":80,"column":0},"end":{"line":80,"column":57}},"80":{"start":{"line":81,"column":0},"end":{"line":81,"column":44}},"81":{"start":{"line":82,"column":0},"end":{"line":82,"column":44}},"82":{"start":{"line":83,"column":0},"end":{"line":83,"column":5}},"84":{"start":{"line":85,"column":0},"end":{"line":85,"column":64}},"85":{"start":{"line":86,"column":0},"end":{"line":86,"column":20}},"87":{"start":{"line":88,"column":0},"end":{"line":88,"column":31}},"88":{"start":{"line":89,"column":0},"end":{"line":89,"column":29}},"90":{"start":{"line":91,"column":0},"end":{"line":91,"column":15}},"91":{"start":{"line":92,"column":0},"end":{"line":92,"column":59}},"93":{"start":{"line":94,"column":0},"end":{"line":94,"column":69}},"94":{"start":{"line":95,"column":0},"end":{"line":95,"column":69}},"96":{"start":{"line":97,"column":0},"end":{"line":97,"column":71}},"97":{"start":{"line":98,"column":0},"end":{"line":98,"column":71}},"98":{"start":{"line":99,"column":0},"end":{"line":99,"column":38}},"99":{"start":{"line":100,"column":0},"end":{"line":100,"column":7}},"101":{"start":{"line":102,"column":0},"end":{"line":102,"column":17}},"102":{"start":{"line":103,"column":0},"end":{"line":103,"column":71}},"103":{"start":{"line":104,"column":0},"end":{"line":104,"column":71}},"104":{"start":{"line":105,"column":0},"end":{"line":105,"column":67}},"105":{"start":{"line":106,"column":0},"end":{"line":106,"column":67}},"106":{"start":{"line":107,"column":0},"end":{"line":107,"column":7}},"108":{"start":{"line":109,"column":0},"end":{"line":109,"column":59}},"109":{"start":{"line":110,"column":0},"end":{"line":110,"column":59}},"110":{"start":{"line":111,"column":0},"end":{"line":111,"column":53}},"111":{"start":{"line":112,"column":0},"end":{"line":112,"column":5}},"113":{"start":{"line":114,"column":0},"end":{"line":114,"column":57}},"114":{"start":{"line":115,"column":0},"end":{"line":115,"column":20}},"116":{"start":{"line":117,"column":0},"end":{"line":117,"column":31}},"117":{"start":{"line":118,"column":0},"end":{"line":118,"column":29}},"119":{"start":{"line":120,"column":0},"end":{"line":120,"column":15}},"120":{"start":{"line":121,"column":0},"end":{"line":121,"column":59}},"121":{"start":{"line":122,"column":0},"end":{"line":122,"column":69}},"122":{"start":{"line":123,"column":0},"end":{"line":123,"column":69}},"123":{"start":{"line":124,"column":0},"end":{"line":124,"column":71}},"124":{"start":{"line":125,"column":0},"end":{"line":125,"column":71}},"125":{"start":{"line":126,"column":0},"end":{"line":126,"column":38}},"126":{"start":{"line":127,"column":0},"end":{"line":127,"column":7}},"128":{"start":{"line":129,"column":0},"end":{"line":129,"column":15}},"129":{"start":{"line":130,"column":0},"end":{"line":130,"column":60}},"130":{"start":{"line":131,"column":0},"end":{"line":131,"column":36}},"131":{"start":{"line":132,"column":0},"end":{"line":132,"column":7}},"133":{"start":{"line":134,"column":0},"end":{"line":134,"column":61}},"134":{"start":{"line":135,"column":0},"end":{"line":135,"column":5}},"135":{"start":{"line":136,"column":0},"end":{"line":136,"column":2}}},"s":{"0":1,"1":1,"2":1,"3":1,"5":1,"6":1,"7":1,"8":1,"9":1,"10":1,"11":1,"13":1,"14":1,"15":1,"17":1,"19":1,"20":1,"21":1,"23":1,"24":1,"26":1,"27":1,"28":1,"29":1,"31":1,"32":1,"34":1,"35":1,"37":1,"38":1,"40":1,"41":1,"43":1,"44":1,"45":1,"46":1,"48":1,"49":1,"50":1,"51":1,"52":1,"53":1,"55":1,"56":1,"58":1,"59":1,"61":1,"62":1,"64":1,"65":1,"67":1,"68":1,"69":1,"70":1,"72":1,"73":1,"75":1,"76":1,"77":1,"79":1,"80":1,"81":1,"82":1,"84":1,"85":1,"87":1,"88":1,"90":1,"91":1,"93":1,"94":1,"96":1,"97":1,"98":1,"99":1,"101":1,"102":1,"103":1,"104":1,"105":1,"106":1,"108":1,"109":1,"110":1,"111":1,"113":1,"114":1,"116":1,"117":1,"119":1,"120":1,"121":1,"122":1,"123":1,"124":1,"125":1,"126":1,"128":1,"129":1,"130":1,"131":1,"133":1,"134":1,"135":1},"branchMap":{"0":{"type":"branch","line":6,"loc":{"start":{"line":6,"column":23},"end":{"line":12,"column":3}},"locations":[{"start":{"line":6,"column":23},"end":{"line":12,"column":3}}]},"1":{"type":"branch","line":7,"loc":{"start":{"line":7,"column":61},"end":{"line":11,"column":3}},"locations":[{"start":{"line":7,"column":61},"end":{"line":11,"column":3}}]},"2":{"type":"branch","line":8,"loc":{"start":{"line":8,"column":11},"end":{"line":8,"column":39}},"locations":[{"start":{"line":8,"column":11},"end":{"line":8,"column":39}}]},"3":{"type":"branch","line":14,"loc":{"start":{"line":14,"column":16},"end":{"line":136,"column":2}},"locations":[{"start":{"line":14,"column":16},"end":{"line":136,"column":2}}]},"4":{"type":"branch","line":15,"loc":{"start":{"line":15,"column":24},"end":{"line":22,"column":3}},"locations":[{"start":{"line":15,"column":24},"end":{"line":22,"column":3}}]},"5":{"type":"branch","line":24,"loc":{"start":{"line":24,"column":61},"end":{"line":30,"column":3}},"locations":[{"start":{"line":24,"column":61},"end":{"line":30,"column":3}}]},"6":{"type":"branch","line":32,"loc":{"start":{"line":32,"column":48},"end":{"line":54,"column":3}},"locations":[{"start":{"line":32,"column":48},"end":{"line":54,"column":3}}]},"7":{"type":"branch","line":38,"loc":{"start":{"line":38,"column":8},"end":{"line":47,"column":5}},"locations":[{"start":{"line":38,"column":8},"end":{"line":47,"column":5}}]},"8":{"type":"branch","line":56,"loc":{"start":{"line":56,"column":91},"end":{"line":83,"column":3}},"locations":[{"start":{"line":56,"column":91},"end":{"line":83,"column":3}}]},"9":{"type":"branch","line":62,"loc":{"start":{"line":62,"column":8},"end":{"line":71,"column":5}},"locations":[{"start":{"line":62,"column":8},"end":{"line":71,"column":5}}]},"10":{"type":"branch","line":85,"loc":{"start":{"line":85,"column":57},"end":{"line":112,"column":3}},"locations":[{"start":{"line":85,"column":57},"end":{"line":112,"column":3}}]},"11":{"type":"branch","line":91,"loc":{"start":{"line":91,"column":8},"end":{"line":100,"column":5}},"locations":[{"start":{"line":91,"column":8},"end":{"line":100,"column":5}}]},"12":{"type":"branch","line":102,"loc":{"start":{"line":102,"column":10},"end":{"line":107,"column":5}},"locations":[{"start":{"line":102,"column":10},"end":{"line":107,"column":5}}]},"13":{"type":"branch","line":114,"loc":{"start":{"line":114,"column":50},"end":{"line":135,"column":3}},"locations":[{"start":{"line":114,"column":50},"end":{"line":135,"column":3}}]},"14":{"type":"branch","line":120,"loc":{"start":{"line":120,"column":8},"end":{"line":127,"column":5}},"locations":[{"start":{"line":120,"column":8},"end":{"line":127,"column":5}}]},"15":{"type":"branch","line":129,"loc":{"start":{"line":129,"column":8},"end":{"line":132,"column":5}},"locations":[{"start":{"line":129,"column":8},"end":{"line":132,"column":5}}]}},"b":{"0":[1],"1":[1],"2":[1],"3":[1],"4":[1],"5":[1],"6":[1],"7":[1],"8":[1],"9":[1],"10":[1],"11":[1],"12":[1],"13":[1],"14":[1],"15":[1]},"fnMap":{},"f":{}}
,"/Users/carlosrodq/NewDocs/programming/react/scoreboard/src/App.tsx": {"path":"/Users/carlosrodq/NewDocs/programming/react/scoreboard/src/App.tsx","all":false,"statementMap":{"0":{"start":{"line":1,"column":0},"end":{"line":1,"column":33}},"1":{"start":{"line":2,"column":0},"end":{"line":2,"column":39}},"2":{"start":{"line":3,"column":0},"end":{"line":3,"column":18}},"3":{"start":{"line":4,"column":0},"end":{"line":4,"column":53}},"4":{"start":{"line":5,"column":0},"end":{"line":5,"column":59}},"5":{"start":{"line":6,"column":0},"end":{"line":6,"column":81}},"8":{"start":{"line":9,"column":0},"end":{"line":9,"column":58}},"9":{"start":{"line":10,"column":0},"end":{"line":10,"column":65}},"11":{"start":{"line":12,"column":0},"end":{"line":12,"column":24}},"17":{"start":{"line":18,"column":0},"end":{"line":18,"column":16}},"18":{"start":{"line":19,"column":0},"end":{"line":19,"column":59}},"19":{"start":{"line":20,"column":0},"end":{"line":20,"column":52}},"21":{"start":{"line":22,"column":0},"end":{"line":22,"column":60}},"22":{"start":{"line":23,"column":0},"end":{"line":23,"column":72}},"23":{"start":{"line":24,"column":0},"end":{"line":24,"column":4}},"25":{"start":{"line":26,"column":0},"end":{"line":26,"column":82}},"26":{"start":{"line":27,"column":0},"end":{"line":27,"column":86}},"27":{"start":{"line":28,"column":0},"end":{"line":28,"column":4}},"29":{"start":{"line":30,"column":0},"end":{"line":30,"column":44}},"30":{"start":{"line":31,"column":0},"end":{"line":31,"column":64}},"31":{"start":{"line":32,"column":0},"end":{"line":32,"column":4}},"33":{"start":{"line":34,"column":0},"end":{"line":34,"column":10}},"34":{"start":{"line":35,"column":0},"end":{"line":35,"column":85}},"35":{"start":{"line":36,"column":0},"end":{"line":36,"column":55}},"36":{"start":{"line":37,"column":0},"end":{"line":37,"column":19}},"37":{"start":{"line":38,"column":0},"end":{"line":38,"column":20}},"38":{"start":{"line":39,"column":0},"end":{"line":39,"column":27}},"39":{"start":{"line":40,"column":0},"end":{"line":40,"column":30}},"41":{"start":{"line":42,"column":0},"end":{"line":42,"column":1}},"43":{"start":{"line":44,"column":0},"end":{"line":44,"column":18}}},"s":{"0":1,"1":1,"2":1,"3":1,"4":1,"5":1,"8":1,"9":1,"11":1,"17":13,"18":13,"19":13,"21":13,"22":4,"23":4,"25":13,"26":2,"27":2,"29":13,"30":1,"31":1,"33":13,"34":13,"35":13,"36":13,"37":13,"38":13,"39":13,"41":13,"43":1},"branchMap":{"0":{"type":"branch","line":18,"loc":{"start":{"line":18,"column":0},"end":{"line":42,"column":1}},"locations":[{"start":{"line":18,"column":0},"end":{"line":42,"column":1}}]},"1":{"type":"branch","line":22,"loc":{"start":{"line":22,"column":19},"end":{"line":24,"column":4}},"locations":[{"start":{"line":22,"column":19},"end":{"line":24,"column":4}}]},"2":{"type":"branch","line":26,"loc":{"start":{"line":26,"column":22},"end":{"line":28,"column":4}},"locations":[{"start":{"line":26,"column":22},"end":{"line":28,"column":4}}]},"3":{"type":"branch","line":30,"loc":{"start":{"line":30,"column":22},"end":{"line":32,"column":4}},"locations":[{"start":{"line":30,"column":22},"end":{"line":32,"column":4}}]}},"b":{"0":[13],"1":[4],"2":[2],"3":[1]},"fnMap":{"0":{"name":"App","decl":{"start":{"line":18,"column":0},"end":{"line":42,"column":1}},"loc":{"start":{"line":18,"column":0},"end":{"line":42,"column":1}},"line":18},"1":{"name":"addMatch","decl":{"start":{"line":22,"column":19},"end":{"line":24,"column":4}},"loc":{"start":{"line":22,"column":19},"end":{"line":24,"column":4}},"line":22},"2":{"name":"updateScore","decl":{"start":{"line":26,"column":22},"end":{"line":28,"column":4}},"loc":{"start":{"line":26,"column":22},"end":{"line":28,"column":4}},"line":26},"3":{"name":"finishMatch","decl":{"start":{"line":30,"column":22},"end":{"line":32,"column":4}},"loc":{"start":{"line":30,"column":22},"end":{"line":32,"column":4}},"line":30}},"f":{"0":13,"1":4,"2":2,"3":1}}
,"/Users/carlosrodq/NewDocs/programming/react/scoreboard/src/components/AddMatch/AddMatch.test.tsx": {"path":"/Users/carlosrodq/NewDocs/programming/react/scoreboard/src/components/AddMatch/AddMatch.test.tsx","all":false,"statementMap":{"0":{"start":{"line":1,"column":0},"end":{"line":1,"column":52}},"1":{"start":{"line":2,"column":0},"end":{"line":2,"column":67}},"2":{"start":{"line":3,"column":0},"end":{"line":3,"column":34}},"3":{"start":{"line":4,"column":0},"end":{"line":4,"column":62}},"6":{"start":{"line":7,"column":0},"end":{"line":7,"column":28}},"7":{"start":{"line":8,"column":0},"end":{"line":8,"column":31}},"8":{"start":{"line":9,"column":0},"end":{"line":9,"column":34}},"9":{"start":{"line":10,"column":0},"end":{"line":10,"column":34}},"10":{"start":{"line":11,"column":0},"end":{"line":11,"column":68}},"11":{"start":{"line":12,"column":0},"end":{"line":12,"column":153}},"12":{"start":{"line":13,"column":0},"end":{"line":13,"column":16}},"13":{"start":{"line":14,"column":0},"end":{"line":14,"column":30}},"16":{"start":{"line":17,"column":0},"end":{"line":17,"column":61}},"17":{"start":{"line":18,"column":0},"end":{"line":18,"column":38}},"18":{"start":{"line":19,"column":0},"end":{"line":19,"column":73}},"19":{"start":{"line":20,"column":0},"end":{"line":20,"column":73}},"20":{"start":{"line":21,"column":0},"end":{"line":21,"column":66}},"21":{"start":{"line":22,"column":0},"end":{"line":22,"column":5}},"23":{"start":{"line":24,"column":0},"end":{"line":24,"column":44}},"24":{"start":{"line":25,"column":0},"end":{"line":25,"column":38}},"26":{"start":{"line":27,"column":0},"end":{"line":27,"column":63}},"27":{"start":{"line":28,"column":0},"end":{"line":28,"column":63}},"28":{"start":{"line":29,"column":0},"end":{"line":29,"column":55}},"30":{"start":{"line":31,"column":0},"end":{"line":31,"column":64}},"31":{"start":{"line":32,"column":0},"end":{"line":32,"column":65}},"32":{"start":{"line":33,"column":0},"end":{"line":33,"column":34}},"34":{"start":{"line":35,"column":0},"end":{"line":35,"column":65}},"35":{"start":{"line":36,"column":0},"end":{"line":36,"column":5}},"36":{"start":{"line":37,"column":0},"end":{"line":37,"column":3}}},"s":{"0":1,"1":1,"2":1,"3":1,"6":1,"7":1,"8":1,"9":1,"10":1,"11":2,"12":2,"13":2,"16":1,"17":1,"18":1,"19":1,"20":1,"21":1,"23":1,"24":1,"26":1,"27":1,"28":1,"30":1,"31":1,"32":1,"34":1,"35":1,"36":1},"branchMap":{"0":{"type":"branch","line":7,"loc":{"start":{"line":7,"column":21},"end":{"line":37,"column":3}},"locations":[{"start":{"line":7,"column":21},"end":{"line":37,"column":3}}]},"1":{"type":"branch","line":11,"loc":{"start":{"line":11,"column":18},"end":{"line":14,"column":30}},"locations":[{"start":{"line":11,"column":18},"end":{"line":14,"column":30}}]},"2":{"type":"branch","line":17,"loc":{"start":{"line":17,"column":54},"end":{"line":22,"column":3}},"locations":[{"start":{"line":17,"column":54},"end":{"line":22,"column":3}}]},"3":{"type":"branch","line":24,"loc":{"start":{"line":24,"column":37},"end":{"line":36,"column":3}},"locations":[{"start":{"line":24,"column":37},"end":{"line":36,"column":3}}]}},"b":{"0":[1],"1":[2],"2":[1],"3":[1]},"fnMap":{"0":{"name":"wrapper","decl":{"start":{"line":11,"column":18},"end":{"line":14,"column":30}},"loc":{"start":{"line":11,"column":18},"end":{"line":14,"column":30}},"line":11}},"f":{"0":2}}
,"/Users/carlosrodq/NewDocs/programming/react/scoreboard/src/components/AddMatch/AddMatch.tsx": {"path":"/Users/carlosrodq/NewDocs/programming/react/scoreboard/src/components/AddMatch/AddMatch.tsx","all":false,"statementMap":{"0":{"start":{"line":1,"column":0},"end":{"line":1,"column":39}},"1":{"start":{"line":2,"column":0},"end":{"line":2,"column":33}},"2":{"start":{"line":3,"column":0},"end":{"line":3,"column":58}},"4":{"start":{"line":5,"column":0},"end":{"line":5,"column":33}},"14":{"start":{"line":15,"column":0},"end":{"line":15,"column":25}},"20":{"start":{"line":21,"column":0},"end":{"line":21,"column":27}},"34":{"start":{"line":35,"column":0},"end":{"line":35,"column":29}},"49":{"start":{"line":50,"column":0},"end":{"line":50,"column":24}},"54":{"start":{"line":55,"column":0},"end":{"line":55,"column":34}},"55":{"start":{"line":56,"column":0},"end":{"line":56,"column":36}},"56":{"start":{"line":57,"column":0},"end":{"line":57,"column":47}},"57":{"start":{"line":58,"column":0},"end":{"line":58,"column":47}},"59":{"start":{"line":60,"column":0},"end":{"line":60,"column":67}},"60":{"start":{"line":61,"column":0},"end":{"line":61,"column":23}},"61":{"start":{"line":62,"column":0},"end":{"line":62,"column":33}},"62":{"start":{"line":63,"column":0},"end":{"line":63,"column":20}},"63":{"start":{"line":64,"column":0},"end":{"line":64,"column":20}},"64":{"start":{"line":65,"column":0},"end":{"line":65,"column":3}},"65":{"start":{"line":66,"column":0},"end":{"line":66,"column":10}},"66":{"start":{"line":67,"column":0},"end":{"line":67,"column":21}},"67":{"start":{"line":68,"column":0},"end":{"line":68,"column":40}},"68":{"start":{"line":69,"column":0},"end":{"line":69,"column":38}},"69":{"start":{"line":70,"column":0},"end":{"line":70,"column":127}},"70":{"start":{"line":71,"column":0},"end":{"line":71,"column":127}},"71":{"start":{"line":72,"column":0},"end":{"line":72,"column":50}},"72":{"start":{"line":73,"column":0},"end":{"line":73,"column":15}},"73":{"start":{"line":74,"column":0},"end":{"line":74,"column":22}},"75":{"start":{"line":76,"column":0},"end":{"line":76,"column":1}},"77":{"start":{"line":78,"column":0},"end":{"line":78,"column":24}}},"s":{"0":1,"1":1,"2":1,"4":1,"14":1,"20":1,"34":1,"49":1,"54":1,"55":26,"56":26,"57":26,"59":26,"60":5,"61":5,"62":5,"63":5,"64":5,"65":26,"66":26,"67":26,"68":26,"69":26,"70":26,"71":26,"72":26,"73":26,"75":26,"77":1},"branchMap":{"0":{"type":"branch","line":55,"loc":{"start":{"line":55,"column":27},"end":{"line":76,"column":1}},"locations":[{"start":{"line":55,"column":27},"end":{"line":76,"column":1}}]},"1":{"type":"branch","line":60,"loc":{"start":{"line":60,"column":25},"end":{"line":65,"column":3}},"locations":[{"start":{"line":60,"column":25},"end":{"line":65,"column":3}}]},"2":{"type":"branch","line":70,"loc":{"start":{"line":70,"column":80},"end":{"line":70,"column":116}},"locations":[{"start":{"line":70,"column":80},"end":{"line":70,"column":116}}]},"3":{"type":"branch","line":71,"loc":{"start":{"line":71,"column":80},"end":{"line":71,"column":116}},"locations":[{"start":{"line":71,"column":80},"end":{"line":71,"column":116}}]}},"b":{"0":[26],"1":[5],"2":[5],"3":[5]},"fnMap":{"0":{"name":"AddMatch","decl":{"start":{"line":55,"column":27},"end":{"line":76,"column":1}},"loc":{"start":{"line":55,"column":27},"end":{"line":76,"column":1}},"line":55},"1":{"name":"handleAddMatch","decl":{"start":{"line":60,"column":25},"end":{"line":65,"column":3}},"loc":{"start":{"line":60,"column":25},"end":{"line":65,"column":3}},"line":60},"2":{"name":"onChange","decl":{"start":{"line":70,"column":80},"end":{"line":70,"column":116}},"loc":{"start":{"line":70,"column":80},"end":{"line":70,"column":116}},"line":70},"3":{"name":"onChange","decl":{"start":{"line":71,"column":80},"end":{"line":71,"column":116}},"loc":{"start":{"line":71,"column":80},"end":{"line":71,"column":116}},"line":71}},"f":{"0":26,"1":5,"2":5,"3":5}}
,"/Users/carlosrodq/NewDocs/programming/react/scoreboard/src/components/MatchControlPanel/MatchControlPanel.test.tsx": {"path":"/Users/carlosrodq/NewDocs/programming/react/scoreboard/src/components/MatchControlPanel/MatchControlPanel.test.tsx","all":false,"statementMap":{"0":{"start":{"line":1,"column":0},"end":{"line":1,"column":67}},"1":{"start":{"line":2,"column":0},"end":{"line":2,"column":62}},"2":{"start":{"line":3,"column":0},"end":{"line":3,"column":50}},"4":{"start":{"line":5,"column":0},"end":{"line":5,"column":52}},"6":{"start":{"line":7,"column":0},"end":{"line":7,"column":37}},"7":{"start":{"line":8,"column":0},"end":{"line":8,"column":34}},"8":{"start":{"line":9,"column":0},"end":{"line":9,"column":34}},"10":{"start":{"line":11,"column":0},"end":{"line":11,"column":33}},"11":{"start":{"line":12,"column":0},"end":{"line":12,"column":12}},"12":{"start":{"line":13,"column":0},"end":{"line":13,"column":22}},"13":{"start":{"line":14,"column":0},"end":{"line":14,"column":23}},"14":{"start":{"line":15,"column":0},"end":{"line":15,"column":17}},"15":{"start":{"line":16,"column":0},"end":{"line":16,"column":17}},"16":{"start":{"line":17,"column":0},"end":{"line":17,"column":21}},"17":{"start":{"line":18,"column":0},"end":{"line":18,"column":19}},"18":{"start":{"line":19,"column":0},"end":{"line":19,"column":4}},"20":{"start":{"line":21,"column":0},"end":{"line":21,"column":56}},"21":{"start":{"line":22,"column":0},"end":{"line":22,"column":18}},"22":{"start":{"line":23,"column":0},"end":{"line":23,"column":30}},"23":{"start":{"line":24,"column":0},"end":{"line":24,"column":16}},"24":{"start":{"line":25,"column":0},"end":{"line":25,"column":18}},"25":{"start":{"line":26,"column":0},"end":{"line":26,"column":28}},"26":{"start":{"line":27,"column":0},"end":{"line":27,"column":39}},"27":{"start":{"line":28,"column":0},"end":{"line":28,"column":39}},"28":{"start":{"line":29,"column":0},"end":{"line":29,"column":10}},"30":{"start":{"line":31,"column":0},"end":{"line":31,"column":29}},"31":{"start":{"line":32,"column":0},"end":{"line":32,"column":32}},"32":{"start":{"line":33,"column":0},"end":{"line":33,"column":6}},"33":{"start":{"line":34,"column":0},"end":{"line":34,"column":4}},"35":{"start":{"line":36,"column":0},"end":{"line":36,"column":62}},"36":{"start":{"line":37,"column":0},"end":{"line":37,"column":35}},"37":{"start":{"line":38,"column":0},"end":{"line":38,"column":72}},"38":{"start":{"line":39,"column":0},"end":{"line":39,"column":67}},"39":{"start":{"line":40,"column":0},"end":{"line":40,"column":5}},"41":{"start":{"line":42,"column":0},"end":{"line":42,"column":64}},"42":{"start":{"line":43,"column":0},"end":{"line":43,"column":26}},"43":{"start":{"line":44,"column":0},"end":{"line":44,"column":78}},"44":{"start":{"line":45,"column":0},"end":{"line":45,"column":5}},"46":{"start":{"line":47,"column":0},"end":{"line":47,"column":48}},"47":{"start":{"line":48,"column":0},"end":{"line":48,"column":35}},"49":{"start":{"line":50,"column":0},"end":{"line":50,"column":64}},"50":{"start":{"line":51,"column":0},"end":{"line":51,"column":65}},"51":{"start":{"line":52,"column":0},"end":{"line":52,"column":87}},"53":{"start":{"line":54,"column":0},"end":{"line":54,"column":64}},"54":{"start":{"line":55,"column":0},"end":{"line":55,"column":65}},"55":{"start":{"line":56,"column":0},"end":{"line":56,"column":87}},"56":{"start":{"line":57,"column":0},"end":{"line":57,"column":5}},"58":{"start":{"line":59,"column":0},"end":{"line":59,"column":60}},"59":{"start":{"line":60,"column":0},"end":{"line":60,"column":35}},"61":{"start":{"line":62,"column":0},"end":{"line":62,"column":58}},"62":{"start":{"line":63,"column":0},"end":{"line":63,"column":34}},"63":{"start":{"line":64,"column":0},"end":{"line":64,"column":63}},"64":{"start":{"line":65,"column":0},"end":{"line":65,"column":5}},"65":{"start":{"line":66,"column":0},"end":{"line":66,"column":3}}},"s":{"0":1,"1":1,"2":1,"4":1,"6":1,"7":1,"8":1,"10":1,"11":1,"12":1,"13":1,"14":1,"15":1,"16":1,"17":1,"18":1,"20":1,"21":4,"22":4,"23":4,"24":4,"25":4,"26":4,"27":4,"28":4,"30":4,"31":4,"32":4,"33":4,"35":1,"36":1,"37":1,"38":1,"39":1,"41":1,"42":1,"43":1,"44":1,"46":1,"47":1,"49":1,"50":1,"51":1,"53":1,"54":1,"55":1,"56":1,"58":1,"59":1,"61":1,"62":1,"63":1,"64":1,"65":1},"branchMap":{"0":{"type":"branch","line":7,"loc":{"start":{"line":7,"column":30},"end":{"line":66,"column":3}},"locations":[{"start":{"line":7,"column":30},"end":{"line":66,"column":3}}]},"1":{"type":"branch","line":21,"loc":{"start":{"line":21,"column":28},"end":{"line":34,"column":4}},"locations":[{"start":{"line":21,"column":28},"end":{"line":34,"column":4}}]},"2":{"type":"branch","line":36,"loc":{"start":{"line":36,"column":55},"end":{"line":40,"column":3}},"locations":[{"start":{"line":36,"column":55},"end":{"line":40,"column":3}}]},"3":{"type":"branch","line":42,"loc":{"start":{"line":42,"column":57},"end":{"line":45,"column":3}},"locations":[{"start":{"line":42,"column":57},"end":{"line":45,"column":3}}]},"4":{"type":"branch","line":47,"loc":{"start":{"line":47,"column":41},"end":{"line":57,"column":3}},"locations":[{"start":{"line":47,"column":41},"end":{"line":57,"column":3}}]},"5":{"type":"branch","line":59,"loc":{"start":{"line":59,"column":53},"end":{"line":65,"column":3}},"locations":[{"start":{"line":59,"column":53},"end":{"line":65,"column":3}}]}},"b":{"0":[1],"1":[4],"2":[1],"3":[1],"4":[1],"5":[1]},"fnMap":{"0":{"name":"renderWithContext","decl":{"start":{"line":21,"column":28},"end":{"line":34,"column":4}},"loc":{"start":{"line":21,"column":28},"end":{"line":34,"column":4}},"line":21}},"f":{"0":4}}
,"/Users/carlosrodq/NewDocs/programming/react/scoreboard/src/components/MatchControlPanel/MatchControlPanel.tsx": {"path":"/Users/carlosrodq/NewDocs/programming/react/scoreboard/src/components/MatchControlPanel/MatchControlPanel.tsx","all":false,"statementMap":{"0":{"start":{"line":1,"column":0},"end":{"line":1,"column":26}},"1":{"start":{"line":2,"column":0},"end":{"line":2,"column":39}},"2":{"start":{"line":3,"column":0},"end":{"line":3,"column":58}},"5":{"start":{"line":6,"column":0},"end":{"line":6,"column":36}},"14":{"start":{"line":15,"column":0},"end":{"line":15,"column":27}},"20":{"start":{"line":21,"column":0},"end":{"line":21,"column":21}},"26":{"start":{"line":27,"column":0},"end":{"line":27,"column":21}},"31":{"start":{"line":32,"column":0},"end":{"line":32,"column":32}},"44":{"start":{"line":45,"column":0},"end":{"line":45,"column":29}},"58":{"start":{"line":59,"column":0},"end":{"line":59,"column":24}},"63":{"start":{"line":64,"column":0},"end":{"line":64,"column":43}},"64":{"start":{"line":65,"column":0},"end":{"line":65,"column":61}},"66":{"start":{"line":67,"column":0},"end":{"line":67,"column":40}},"68":{"start":{"line":69,"column":0},"end":{"line":69,"column":88}},"69":{"start":{"line":70,"column":0},"end":{"line":70,"column":47}},"70":{"start":{"line":71,"column":0},"end":{"line":71,"column":4}},"72":{"start":{"line":73,"column":0},"end":{"line":73,"column":50}},"73":{"start":{"line":74,"column":0},"end":{"line":74,"column":25}},"74":{"start":{"line":75,"column":0},"end":{"line":75,"column":4}},"76":{"start":{"line":77,"column":0},"end":{"line":77,"column":10}},"77":{"start":{"line":78,"column":0},"end":{"line":78,"column":22}},"78":{"start":{"line":79,"column":0},"end":{"line":79,"column":40}},"79":{"start":{"line":80,"column":0},"end":{"line":80,"column":13}},"80":{"start":{"line":81,"column":0},"end":{"line":81,"column":15}},"81":{"start":{"line":82,"column":0},"end":{"line":82,"column":14}},"82":{"start":{"line":83,"column":0},"end":{"line":83,"column":26}},"83":{"start":{"line":84,"column":0},"end":{"line":84,"column":31}},"84":{"start":{"line":85,"column":0},"end":{"line":85,"column":31}},"85":{"start":{"line":86,"column":0},"end":{"line":86,"column":27}},"86":{"start":{"line":87,"column":0},"end":{"line":87,"column":28}},"87":{"start":{"line":88,"column":0},"end":{"line":88,"column":15}},"88":{"start":{"line":89,"column":0},"end":{"line":89,"column":16}},"89":{"start":{"line":90,"column":0},"end":{"line":90,"column":15}},"90":{"start":{"line":91,"column":0},"end":{"line":91,"column":47}},"91":{"start":{"line":92,"column":0},"end":{"line":92,"column":31}},"92":{"start":{"line":93,"column":0},"end":{"line":93,"column":64}},"93":{"start":{"line":94,"column":0},"end":{"line":94,"column":18}},"94":{"start":{"line":95,"column":0},"end":{"line":95,"column":27}},"95":{"start":{"line":96,"column":0},"end":{"line":96,"column":31}},"96":{"start":{"line":97,"column":0},"end":{"line":97,"column":42}},"97":{"start":{"line":98,"column":0},"end":{"line":98,"column":41}},"98":{"start":{"line":99,"column":0},"end":{"line":99,"column":53}},"99":{"start":{"line":100,"column":0},"end":{"line":100,"column":29}},"100":{"start":{"line":101,"column":0},"end":{"line":101,"column":45}},"101":{"start":{"line":102,"column":0},"end":{"line":102,"column":35}},"102":{"start":{"line":103,"column":0},"end":{"line":103,"column":20}},"103":{"start":{"line":104,"column":0},"end":{"line":104,"column":25}},"104":{"start":{"line":105,"column":0},"end":{"line":105,"column":18}},"105":{"start":{"line":106,"column":0},"end":{"line":106,"column":19}},"106":{"start":{"line":107,"column":0},"end":{"line":107,"column":18}},"107":{"start":{"line":108,"column":0},"end":{"line":108,"column":27}},"108":{"start":{"line":109,"column":0},"end":{"line":109,"column":31}},"109":{"start":{"line":110,"column":0},"end":{"line":110,"column":42}},"110":{"start":{"line":111,"column":0},"end":{"line":111,"column":41}},"111":{"start":{"line":112,"column":0},"end":{"line":112,"column":53}},"112":{"start":{"line":113,"column":0},"end":{"line":113,"column":29}},"113":{"start":{"line":114,"column":0},"end":{"line":114,"column":36}},"114":{"start":{"line":115,"column":0},"end":{"line":115,"column":44}},"115":{"start":{"line":116,"column":0},"end":{"line":116,"column":20}},"116":{"start":{"line":117,"column":0},"end":{"line":117,"column":25}},"117":{"start":{"line":118,"column":0},"end":{"line":118,"column":18}},"118":{"start":{"line":119,"column":0},"end":{"line":119,"column":19}},"119":{"start":{"line":120,"column":0},"end":{"line":120,"column":37}},"120":{"start":{"line":121,"column":0},"end":{"line":121,"column":18}},"121":{"start":{"line":122,"column":0},"end":{"line":122,"column":68}},"123":{"start":{"line":124,"column":0},"end":{"line":124,"column":25}},"124":{"start":{"line":125,"column":0},"end":{"line":125,"column":19}},"125":{"start":{"line":126,"column":0},"end":{"line":126,"column":17}},"126":{"start":{"line":127,"column":0},"end":{"line":127,"column":13}},"127":{"start":{"line":128,"column":0},"end":{"line":128,"column":16}},"128":{"start":{"line":129,"column":0},"end":{"line":129,"column":14}},"129":{"start":{"line":130,"column":0},"end":{"line":130,"column":23}},"131":{"start":{"line":132,"column":0},"end":{"line":132,"column":2}},"133":{"start":{"line":134,"column":0},"end":{"line":134,"column":33}}},"s":{"0":1,"1":1,"2":1,"5":1,"14":1,"20":1,"26":1,"31":1,"44":1,"58":1,"63":1,"64":17,"66":17,"68":10,"69":4,"70":4,"72":10,"73":2,"74":2,"76":10,"77":10,"78":10,"79":10,"80":10,"81":10,"82":10,"83":10,"84":10,"85":10,"86":10,"87":10,"88":10,"89":10,"90":10,"91":10,"92":10,"93":10,"94":10,"95":10,"96":10,"97":10,"98":10,"99":2,"100":2,"101":2,"102":2,"103":10,"104":10,"105":10,"106":10,"107":10,"108":10,"109":10,"110":10,"111":10,"112":2,"113":2,"114":2,"115":2,"116":10,"117":10,"118":10,"119":10,"120":10,"121":10,"123":10,"124":10,"125":10,"126":10,"127":10,"128":10,"129":10,"131":10,"133":1},"branchMap":{"0":{"type":"branch","line":64,"loc":{"start":{"line":64,"column":36},"end":{"line":132,"column":2}},"locations":[{"start":{"line":64,"column":36},"end":{"line":132,"column":2}}]},"1":{"type":"branch","line":67,"loc":{"start":{"line":67,"column":28},"end":{"line":67,"column":40}},"locations":[{"start":{"line":67,"column":28},"end":{"line":67,"column":40}}]},"2":{"type":"branch","line":67,"loc":{"start":{"line":67,"column":35},"end":{"line":132,"column":2}},"locations":[{"start":{"line":67,"column":35},"end":{"line":132,"column":2}}]},"3":{"type":"branch","line":69,"loc":{"start":{"line":69,"column":28},"end":{"line":71,"column":4}},"locations":[{"start":{"line":69,"column":28},"end":{"line":71,"column":4}}]},"4":{"type":"branch","line":73,"loc":{"start":{"line":73,"column":28},"end":{"line":75,"column":4}},"locations":[{"start":{"line":73,"column":28},"end":{"line":75,"column":4}}]},"5":{"type":"branch","line":91,"loc":{"start":{"line":91,"column":23},"end":{"line":126,"column":17}},"locations":[{"start":{"line":91,"column":23},"end":{"line":126,"column":17}}]},"6":{"type":"branch","line":99,"loc":{"start":{"line":99,"column":28},"end":{"line":103,"column":20}},"locations":[{"start":{"line":99,"column":28},"end":{"line":103,"column":20}}]},"7":{"type":"branch","line":112,"loc":{"start":{"line":112,"column":28},"end":{"line":116,"column":20}},"locations":[{"start":{"line":112,"column":28},"end":{"line":116,"column":20}}]},"8":{"type":"branch","line":122,"loc":{"start":{"line":122,"column":33},"end":{"line":122,"column":68}},"locations":[{"start":{"line":122,"column":33},"end":{"line":122,"column":68}}]}},"b":{"0":[17],"1":[7],"2":[10],"3":[4],"4":[2],"5":[10],"6":[2],"7":[2],"8":[2]},"fnMap":{"0":{"name":"MatchControlPanel","decl":{"start":{"line":64,"column":36},"end":{"line":132,"column":2}},"loc":{"start":{"line":64,"column":36},"end":{"line":132,"column":2}},"line":64},"1":{"name":"handleUpdateScore","decl":{"start":{"line":69,"column":28},"end":{"line":71,"column":4}},"loc":{"start":{"line":69,"column":28},"end":{"line":71,"column":4}},"line":69},"2":{"name":"handleFinishMatch","decl":{"start":{"line":73,"column":28},"end":{"line":75,"column":4}},"loc":{"start":{"line":73,"column":28},"end":{"line":75,"column":4}},"line":73},"3":{"name":"onChange","decl":{"start":{"line":99,"column":28},"end":{"line":103,"column":20}},"loc":{"start":{"line":99,"column":28},"end":{"line":103,"column":20}},"line":99},"4":{"name":"onChange","decl":{"start":{"line":112,"column":28},"end":{"line":116,"column":20}},"loc":{"start":{"line":112,"column":28},"end":{"line":116,"column":20}},"line":112},"5":{"name":"onClick","decl":{"start":{"line":122,"column":33},"end":{"line":122,"column":68}},"loc":{"start":{"line":122,"column":33},"end":{"line":122,"column":68}},"line":122}},"f":{"0":17,"1":4,"2":2,"3":2,"4":2,"5":2}}
,"/Users/carlosrodq/NewDocs/programming/react/scoreboard/src/components/Scoreboard/Scoreboard.test.tsx": {"path":"/Users/carlosrodq/NewDocs/programming/react/scoreboard/src/components/Scoreboard/Scoreboard.test.tsx","all":false,"statementMap":{"0":{"start":{"line":1,"column":0},"end":{"line":1,"column":52}},"1":{"start":{"line":2,"column":0},"end":{"line":2,"column":56}},"2":{"start":{"line":3,"column":0},"end":{"line":3,"column":38}},"3":{"start":{"line":4,"column":0},"end":{"line":4,"column":62}},"6":{"start":{"line":7,"column":0},"end":{"line":7,"column":30}},"7":{"start":{"line":8,"column":0},"end":{"line":8,"column":37}},"8":{"start":{"line":9,"column":0},"end":{"line":9,"column":12}},"9":{"start":{"line":10,"column":0},"end":{"line":10,"column":22}},"10":{"start":{"line":11,"column":0},"end":{"line":11,"column":23}},"11":{"start":{"line":12,"column":0},"end":{"line":12,"column":17}},"12":{"start":{"line":13,"column":0},"end":{"line":13,"column":17}},"13":{"start":{"line":14,"column":0},"end":{"line":14,"column":21}},"14":{"start":{"line":15,"column":0},"end":{"line":15,"column":18}},"15":{"start":{"line":16,"column":0},"end":{"line":16,"column":4}},"17":{"start":{"line":18,"column":0},"end":{"line":18,"column":41}},"18":{"start":{"line":19,"column":0},"end":{"line":19,"column":12}},"19":{"start":{"line":20,"column":0},"end":{"line":20,"column":24}},"20":{"start":{"line":21,"column":0},"end":{"line":21,"column":23}},"21":{"start":{"line":22,"column":0},"end":{"line":22,"column":17}},"22":{"start":{"line":23,"column":0},"end":{"line":23,"column":17}},"23":{"start":{"line":24,"column":0},"end":{"line":24,"column":21}},"24":{"start":{"line":25,"column":0},"end":{"line":25,"column":22}},"25":{"start":{"line":26,"column":0},"end":{"line":26,"column":4}},"27":{"start":{"line":28,"column":0},"end":{"line":28,"column":93}},"28":{"start":{"line":29,"column":0},"end":{"line":29,"column":18}},"29":{"start":{"line":30,"column":0},"end":{"line":30,"column":31}},"30":{"start":{"line":31,"column":0},"end":{"line":31,"column":17}},"31":{"start":{"line":32,"column":0},"end":{"line":32,"column":28}},"32":{"start":{"line":33,"column":0},"end":{"line":33,"column":29}},"33":{"start":{"line":34,"column":0},"end":{"line":34,"column":32}},"34":{"start":{"line":35,"column":0},"end":{"line":35,"column":31}},"35":{"start":{"line":36,"column":0},"end":{"line":36,"column":10}},"37":{"start":{"line":38,"column":0},"end":{"line":38,"column":22}},"38":{"start":{"line":39,"column":0},"end":{"line":39,"column":32}},"39":{"start":{"line":40,"column":0},"end":{"line":40,"column":6}},"40":{"start":{"line":41,"column":0},"end":{"line":41,"column":4}},"42":{"start":{"line":43,"column":0},"end":{"line":43,"column":52}},"43":{"start":{"line":44,"column":0},"end":{"line":44,"column":24}},"45":{"start":{"line":46,"column":0},"end":{"line":46,"column":56}},"46":{"start":{"line":47,"column":0},"end":{"line":47,"column":36}},"47":{"start":{"line":48,"column":0},"end":{"line":48,"column":58}},"48":{"start":{"line":49,"column":0},"end":{"line":49,"column":59}},"49":{"start":{"line":50,"column":0},"end":{"line":50,"column":54}},"50":{"start":{"line":51,"column":0},"end":{"line":51,"column":54}},"51":{"start":{"line":52,"column":0},"end":{"line":52,"column":5}},"53":{"start":{"line":54,"column":0},"end":{"line":54,"column":61}},"54":{"start":{"line":55,"column":0},"end":{"line":55,"column":43}},"56":{"start":{"line":57,"column":0},"end":{"line":57,"column":66}},"57":{"start":{"line":58,"column":0},"end":{"line":58,"column":71}},"58":{"start":{"line":59,"column":0},"end":{"line":59,"column":5}},"60":{"start":{"line":61,"column":0},"end":{"line":61,"column":62}},"61":{"start":{"line":62,"column":0},"end":{"line":62,"column":26}},"63":{"start":{"line":64,"column":0},"end":{"line":64,"column":71}},"64":{"start":{"line":65,"column":0},"end":{"line":65,"column":5}},"66":{"start":{"line":67,"column":0},"end":{"line":67,"column":45}},"67":{"start":{"line":68,"column":0},"end":{"line":68,"column":40}},"68":{"start":{"line":69,"column":0},"end":{"line":69,"column":14}},"69":{"start":{"line":70,"column":0},"end":{"line":70,"column":26}},"70":{"start":{"line":71,"column":0},"end":{"line":71,"column":25}},"71":{"start":{"line":72,"column":0},"end":{"line":72,"column":19}},"72":{"start":{"line":73,"column":0},"end":{"line":73,"column":19}},"73":{"start":{"line":74,"column":0},"end":{"line":74,"column":45}},"74":{"start":{"line":75,"column":0},"end":{"line":75,"column":20}},"75":{"start":{"line":76,"column":0},"end":{"line":76,"column":6}},"77":{"start":{"line":78,"column":0},"end":{"line":78,"column":52}},"78":{"start":{"line":79,"column":0},"end":{"line":79,"column":31}},"80":{"start":{"line":81,"column":0},"end":{"line":81,"column":58}},"81":{"start":{"line":82,"column":0},"end":{"line":82,"column":58}},"82":{"start":{"line":83,"column":0},"end":{"line":83,"column":56}},"83":{"start":{"line":84,"column":0},"end":{"line":84,"column":5}},"86":{"start":{"line":87,"column":0},"end":{"line":87,"column":69}},"87":{"start":{"line":88,"column":0},"end":{"line":88,"column":40}},"88":{"start":{"line":89,"column":0},"end":{"line":89,"column":14}},"89":{"start":{"line":90,"column":0},"end":{"line":90,"column":24}},"90":{"start":{"line":91,"column":0},"end":{"line":91,"column":30}},"91":{"start":{"line":92,"column":0},"end":{"line":92,"column":19}},"92":{"start":{"line":93,"column":0},"end":{"line":93,"column":19}},"93":{"start":{"line":94,"column":0},"end":{"line":94,"column":45}},"94":{"start":{"line":95,"column":0},"end":{"line":95,"column":20}},"95":{"start":{"line":96,"column":0},"end":{"line":96,"column":6}},"97":{"start":{"line":98,"column":0},"end":{"line":98,"column":52}},"98":{"start":{"line":99,"column":0},"end":{"line":99,"column":31}},"100":{"start":{"line":101,"column":0},"end":{"line":101,"column":58}},"101":{"start":{"line":102,"column":0},"end":{"line":102,"column":56}},"102":{"start":{"line":103,"column":0},"end":{"line":103,"column":56}},"103":{"start":{"line":104,"column":0},"end":{"line":104,"column":5}},"104":{"start":{"line":105,"column":0},"end":{"line":105,"column":3}}},"s":{"0":1,"1":1,"2":1,"3":1,"6":1,"7":1,"8":1,"9":1,"10":1,"11":1,"12":1,"13":1,"14":1,"15":1,"17":1,"18":1,"19":1,"20":1,"21":1,"22":1,"23":1,"24":1,"25":1,"27":1,"28":5,"29":5,"30":5,"31":5,"32":5,"33":5,"34":5,"35":5,"37":5,"38":5,"39":5,"40":5,"42":1,"43":1,"45":1,"46":1,"47":1,"48":1,"49":1,"50":1,"51":1,"53":1,"54":1,"56":1,"57":1,"58":1,"60":1,"61":1,"63":1,"64":1,"66":1,"67":1,"68":1,"69":1,"70":1,"71":1,"72":1,"73":1,"74":1,"75":1,"77":1,"78":1,"80":1,"81":1,"82":1,"83":1,"86":1,"87":1,"88":1,"89":1,"90":1,"91":1,"92":1,"93":1,"94":1,"95":1,"97":1,"98":1,"100":1,"101":1,"102":1,"103":1,"104":1},"branchMap":{"0":{"type":"branch","line":7,"loc":{"start":{"line":7,"column":23},"end":{"line":105,"column":3}},"locations":[{"start":{"line":7,"column":23},"end":{"line":105,"column":3}}]},"1":{"type":"branch","line":28,"loc":{"start":{"line":28,"column":28},"end":{"line":41,"column":4}},"locations":[{"start":{"line":28,"column":28},"end":{"line":41,"column":4}}]},"2":{"type":"branch","line":43,"loc":{"start":{"line":43,"column":45},"end":{"line":52,"column":3}},"locations":[{"start":{"line":43,"column":45},"end":{"line":52,"column":3}}]},"3":{"type":"branch","line":54,"loc":{"start":{"line":54,"column":54},"end":{"line":59,"column":3}},"locations":[{"start":{"line":54,"column":54},"end":{"line":59,"column":3}}]},"4":{"type":"branch","line":61,"loc":{"start":{"line":61,"column":55},"end":{"line":65,"column":3}},"locations":[{"start":{"line":61,"column":55},"end":{"line":65,"column":3}}]},"5":{"type":"branch","line":67,"loc":{"start":{"line":67,"column":38},"end":{"line":84,"column":3}},"locations":[{"start":{"line":67,"column":38},"end":{"line":84,"column":3}}]},"6":{"type":"branch","line":87,"loc":{"start":{"line":87,"column":62},"end":{"line":104,"column":3}},"locations":[{"start":{"line":87,"column":62},"end":{"line":104,"column":3}}]}},"b":{"0":[1],"1":[5],"2":[1],"3":[1],"4":[1],"5":[1],"6":[1]},"fnMap":{"0":{"name":"renderWithContext","decl":{"start":{"line":28,"column":28},"end":{"line":41,"column":4}},"loc":{"start":{"line":28,"column":28},"end":{"line":41,"column":4}},"line":28}},"f":{"0":5}}
,"/Users/carlosrodq/NewDocs/programming/react/scoreboard/src/components/Scoreboard/Scoreboard.tsx": {"path":"/Users/carlosrodq/NewDocs/programming/react/scoreboard/src/components/Scoreboard/Scoreboard.tsx","all":false,"statementMap":{"0":{"start":{"line":1,"column":0},"end":{"line":1,"column":39}},"1":{"start":{"line":2,"column":0},"end":{"line":2,"column":58}},"4":{"start":{"line":5,"column":0},"end":{"line":5,"column":34}},"10":{"start":{"line":11,"column":0},"end":{"line":11,"column":28}},"17":{"start":{"line":18,"column":0},"end":{"line":18,"column":29}},"22":{"start":{"line":23,"column":0},"end":{"line":23,"column":26}},"28":{"start":{"line":29,"column":0},"end":{"line":29,"column":36}},"29":{"start":{"line":30,"column":0},"end":{"line":30,"column":35}},"30":{"start":{"line":31,"column":0},"end":{"line":31,"column":84}},"31":{"start":{"line":32,"column":0},"end":{"line":32,"column":21}},"32":{"start":{"line":33,"column":0},"end":{"line":33,"column":52}},"33":{"start":{"line":34,"column":0},"end":{"line":34,"column":52}},"34":{"start":{"line":35,"column":0},"end":{"line":35,"column":40}},"35":{"start":{"line":36,"column":0},"end":{"line":36,"column":41}},"36":{"start":{"line":37,"column":0},"end":{"line":37,"column":7}},"37":{"start":{"line":38,"column":0},"end":{"line":38,"column":49}},"38":{"start":{"line":39,"column":0},"end":{"line":39,"column":7}},"39":{"start":{"line":40,"column":0},"end":{"line":40,"column":44}},"41":{"start":{"line":42,"column":0},"end":{"line":42,"column":10}},"42":{"start":{"line":43,"column":0},"end":{"line":43,"column":22}},"43":{"start":{"line":44,"column":0},"end":{"line":44,"column":29}},"44":{"start":{"line":45,"column":0},"end":{"line":45,"column":64}},"45":{"start":{"line":46,"column":0},"end":{"line":46,"column":56}},"46":{"start":{"line":47,"column":0},"end":{"line":47,"column":49}},"47":{"start":{"line":48,"column":0},"end":{"line":48,"column":44}},"48":{"start":{"line":49,"column":0},"end":{"line":49,"column":26}},"49":{"start":{"line":50,"column":0},"end":{"line":50,"column":44}},"50":{"start":{"line":51,"column":0},"end":{"line":51,"column":49}},"51":{"start":{"line":52,"column":0},"end":{"line":52,"column":21}},"52":{"start":{"line":53,"column":0},"end":{"line":53,"column":11}},"53":{"start":{"line":54,"column":0},"end":{"line":54,"column":23}},"55":{"start":{"line":56,"column":0},"end":{"line":56,"column":1}},"57":{"start":{"line":58,"column":0},"end":{"line":58,"column":26}}},"s":{"0":1,"1":1,"4":1,"10":1,"17":1,"22":1,"28":1,"29":23,"30":23,"31":23,"32":2,"33":2,"34":2,"35":1,"36":1,"37":1,"38":23,"39":23,"41":9,"42":9,"43":9,"44":9,"45":11,"46":11,"47":11,"48":11,"49":11,"50":11,"51":11,"52":9,"53":9,"55":9,"57":1},"branchMap":{"0":{"type":"branch","line":29,"loc":{"start":{"line":29,"column":29},"end":{"line":56,"column":1}},"locations":[{"start":{"line":29,"column":29},"end":{"line":56,"column":1}}]},"1":{"type":"branch","line":40,"loc":{"start":{"line":40,"column":32},"end":{"line":56,"column":1}},"locations":[{"start":{"line":40,"column":32},"end":{"line":56,"column":1}}]},"2":{"type":"branch","line":31,"loc":{"start":{"line":31,"column":37},"end":{"line":31,"column":83}},"locations":[{"start":{"line":31,"column":37},"end":{"line":31,"column":83}}]},"3":{"type":"branch","line":32,"loc":{"start":{"line":32,"column":10},"end":{"line":39,"column":5}},"locations":[{"start":{"line":32,"column":10},"end":{"line":39,"column":5}}]},"4":{"type":"branch","line":35,"loc":{"start":{"line":35,"column":39},"end":{"line":38,"column":49}},"locations":[{"start":{"line":35,"column":39},"end":{"line":38,"column":49}}]},"5":{"type":"branch","line":45,"loc":{"start":{"line":45,"column":25},"end":{"line":52,"column":21}},"locations":[{"start":{"line":45,"column":25},"end":{"line":52,"column":21}}]}},"b":{"0":[23],"1":[9],"2":[14],"3":[2],"4":[1],"5":[11]},"fnMap":{"0":{"name":"Scoreboard","decl":{"start":{"line":29,"column":29},"end":{"line":56,"column":1}},"loc":{"start":{"line":29,"column":29},"end":{"line":56,"column":1}},"line":29}},"f":{"0":23}}
,"/Users/carlosrodq/NewDocs/programming/react/scoreboard/src/context/MatchesContext.ts": {"path":"/Users/carlosrodq/NewDocs/programming/react/scoreboard/src/context/MatchesContext.ts","all":false,"statementMap":{"0":{"start":{"line":1,"column":0},"end":{"line":1,"column":50}},"10":{"start":{"line":11,"column":0},"end":{"line":11,"column":87}},"12":{"start":{"line":13,"column":0},"end":{"line":13,"column":33}},"13":{"start":{"line":14,"column":0},"end":{"line":14,"column":45}},"14":{"start":{"line":15,"column":0},"end":{"line":15,"column":17}},"15":{"start":{"line":16,"column":0},"end":{"line":16,"column":72}},"16":{"start":{"line":17,"column":0},"end":{"line":17,"column":3}},"17":{"start":{"line":18,"column":0},"end":{"line":18,"column":17}},"18":{"start":{"line":19,"column":0},"end":{"line":19,"column":2}}},"s":{"0":1,"10":1,"12":1,"13":66,"14":66,"15":4,"16":4,"17":61,"18":61},"branchMap":{"0":{"type":"branch","line":13,"loc":{"start":{"line":13,"column":26},"end":{"line":19,"column":2}},"locations":[{"start":{"line":13,"column":26},"end":{"line":19,"column":2}}]},"1":{"type":"branch","line":15,"loc":{"start":{"line":15,"column":16},"end":{"line":17,"column":3}},"locations":[{"start":{"line":15,"column":16},"end":{"line":17,"column":3}}]},"2":{"type":"branch","line":17,"loc":{"start":{"line":17,"column":2},"end":{"line":19,"column":2}},"locations":[{"start":{"line":17,"column":2},"end":{"line":19,"column":2}}]}},"b":{"0":[66],"1":[4],"2":[61]},"fnMap":{"0":{"name":"useMatches","decl":{"start":{"line":13,"column":26},"end":{"line":19,"column":2}},"loc":{"start":{"line":13,"column":26},"end":{"line":19,"column":2}},"line":13}},"f":{"0":66}}
,"/Users/carlosrodq/NewDocs/programming/react/scoreboard/src/services/scoreboardService.test.ts": {"path":"/Users/carlosrodq/NewDocs/programming/react/scoreboard/src/services/scoreboardService.test.ts","all":false,"statementMap":{"0":{"start":{"line":1,"column":0},"end":{"line":1,"column":58}},"1":{"start":{"line":2,"column":0},"end":{"line":2,"column":56}},"4":{"start":{"line":5,"column":0},"end":{"line":5,"column":37}},"5":{"start":{"line":6,"column":0},"end":{"line":6,"column":43}},"7":{"start":{"line":8,"column":0},"end":{"line":8,"column":20}},"8":{"start":{"line":9,"column":0},"end":{"line":9,"column":48}},"9":{"start":{"line":10,"column":0},"end":{"line":10,"column":5}},"11":{"start":{"line":12,"column":0},"end":{"line":12,"column":34}},"12":{"start":{"line":13,"column":0},"end":{"line":13,"column":70}},"13":{"start":{"line":14,"column":0},"end":{"line":14,"column":46}},"14":{"start":{"line":15,"column":0},"end":{"line":15,"column":47}},"15":{"start":{"line":16,"column":0},"end":{"line":16,"column":43}},"16":{"start":{"line":17,"column":0},"end":{"line":17,"column":5}},"18":{"start":{"line":19,"column":0},"end":{"line":19,"column":82}},"19":{"start":{"line":20,"column":0},"end":{"line":20,"column":37}},"20":{"start":{"line":21,"column":0},"end":{"line":21,"column":103}},"21":{"start":{"line":22,"column":0},"end":{"line":22,"column":5}},"23":{"start":{"line":24,"column":0},"end":{"line":24,"column":35}},"24":{"start":{"line":25,"column":0},"end":{"line":25,"column":35}},"25":{"start":{"line":26,"column":0},"end":{"line":26,"column":69}},"26":{"start":{"line":27,"column":0},"end":{"line":27,"column":87}},"28":{"start":{"line":29,"column":0},"end":{"line":29,"column":48}},"29":{"start":{"line":30,"column":0},"end":{"line":30,"column":48}},"30":{"start":{"line":31,"column":0},"end":{"line":31,"column":5}},"32":{"start":{"line":33,"column":0},"end":{"line":33,"column":39}},"33":{"start":{"line":34,"column":0},"end":{"line":34,"column":35}},"34":{"start":{"line":35,"column":0},"end":{"line":35,"column":69}},"35":{"start":{"line":36,"column":0},"end":{"line":36,"column":70}},"36":{"start":{"line":37,"column":0},"end":{"line":37,"column":87}},"38":{"start":{"line":39,"column":0},"end":{"line":39,"column":48}},"39":{"start":{"line":40,"column":0},"end":{"line":40,"column":48}},"40":{"start":{"line":41,"column":0},"end":{"line":41,"column":48}},"41":{"start":{"line":42,"column":0},"end":{"line":42,"column":48}},"42":{"start":{"line":43,"column":0},"end":{"line":43,"column":5}},"44":{"start":{"line":45,"column":0},"end":{"line":45,"column":62}},"45":{"start":{"line":46,"column":0},"end":{"line":46,"column":35}},"46":{"start":{"line":47,"column":0},"end":{"line":47,"column":69}},"47":{"start":{"line":48,"column":0},"end":{"line":48,"column":81}},"48":{"start":{"line":49,"column":0},"end":{"line":49,"column":132}},"49":{"start":{"line":50,"column":0},"end":{"line":50,"column":5}},"51":{"start":{"line":52,"column":0},"end":{"line":52,"column":66}},"52":{"start":{"line":53,"column":0},"end":{"line":53,"column":35}},"53":{"start":{"line":54,"column":0},"end":{"line":54,"column":69}},"54":{"start":{"line":55,"column":0},"end":{"line":55,"column":104}},"55":{"start":{"line":56,"column":0},"end":{"line":56,"column":5}},"57":{"start":{"line":58,"column":0},"end":{"line":58,"column":66}},"58":{"start":{"line":59,"column":0},"end":{"line":59,"column":35}},"59":{"start":{"line":60,"column":0},"end":{"line":60,"column":69}},"60":{"start":{"line":61,"column":0},"end":{"line":61,"column":116}},"61":{"start":{"line":62,"column":0},"end":{"line":62,"column":5}},"63":{"start":{"line":64,"column":0},"end":{"line":64,"column":48}},"64":{"start":{"line":65,"column":0},"end":{"line":65,"column":35}},"65":{"start":{"line":66,"column":0},"end":{"line":66,"column":69}},"66":{"start":{"line":67,"column":0},"end":{"line":67,"column":70}},"67":{"start":{"line":68,"column":0},"end":{"line":68,"column":81}},"69":{"start":{"line":70,"column":0},"end":{"line":70,"column":75}},"71":{"start":{"line":72,"column":0},"end":{"line":72,"column":51}},"72":{"start":{"line":73,"column":0},"end":{"line":73,"column":5}},"74":{"start":{"line":75,"column":0},"end":{"line":75,"column":67}},"75":{"start":{"line":76,"column":0},"end":{"line":76,"column":93}},"76":{"start":{"line":77,"column":0},"end":{"line":77,"column":5}},"77":{"start":{"line":78,"column":0},"end":{"line":78,"column":3}}},"s":{"0":1,"1":1,"4":1,"5":1,"7":1,"8":9,"9":1,"11":1,"12":1,"13":1,"14":1,"15":1,"16":1,"18":1,"19":1,"20":1,"21":1,"23":1,"24":1,"25":1,"26":1,"28":1,"29":1,"30":1,"32":1,"33":1,"34":1,"35":1,"36":1,"38":1,"39":1,"40":1,"41":1,"42":1,"44":1,"45":1,"46":1,"47":1,"48":1,"49":1,"51":1,"52":1,"53":1,"54":1,"55":1,"57":1,"58":1,"59":1,"60":1,"61":1,"63":1,"64":1,"65":1,"66":1,"67":1,"69":1,"71":1,"72":1,"74":1,"75":1,"76":1,"77":1},"branchMap":{"0":{"type":"branch","line":5,"loc":{"start":{"line":5,"column":30},"end":{"line":78,"column":3}},"locations":[{"start":{"line":5,"column":30},"end":{"line":78,"column":3}}]},"1":{"type":"branch","line":8,"loc":{"start":{"line":8,"column":13},"end":{"line":10,"column":3}},"locations":[{"start":{"line":8,"column":13},"end":{"line":10,"column":3}}]},"2":{"type":"branch","line":12,"loc":{"start":{"line":12,"column":27},"end":{"line":17,"column":3}},"locations":[{"start":{"line":12,"column":27},"end":{"line":17,"column":3}}]},"3":{"type":"branch","line":19,"loc":{"start":{"line":19,"column":75},"end":{"line":22,"column":3}},"locations":[{"start":{"line":19,"column":75},"end":{"line":22,"column":3}}]},"4":{"type":"branch","line":21,"loc":{"start":{"line":21,"column":11},"end":{"line":21,"column":72}},"locations":[{"start":{"line":21,"column":11},"end":{"line":21,"column":72}}]},"5":{"type":"branch","line":24,"loc":{"start":{"line":24,"column":28},"end":{"line":31,"column":3}},"locations":[{"start":{"line":24,"column":28},"end":{"line":31,"column":3}}]},"6":{"type":"branch","line":33,"loc":{"start":{"line":33,"column":32},"end":{"line":43,"column":3}},"locations":[{"start":{"line":33,"column":32},"end":{"line":43,"column":3}}]},"7":{"type":"branch","line":45,"loc":{"start":{"line":45,"column":55},"end":{"line":50,"column":3}},"locations":[{"start":{"line":45,"column":55},"end":{"line":50,"column":3}}]},"8":{"type":"branch","line":49,"loc":{"start":{"line":49,"column":11},"end":{"line":49,"column":90}},"locations":[{"start":{"line":49,"column":11},"end":{"line":49,"column":90}}]},"9":{"type":"branch","line":52,"loc":{"start":{"line":52,"column":59},"end":{"line":56,"column":3}},"locations":[{"start":{"line":52,"column":59},"end":{"line":56,"column":3}}]},"10":{"type":"branch","line":55,"loc":{"start":{"line":55,"column":11},"end":{"line":55,"column":75}},"locations":[{"start":{"line":55,"column":11},"end":{"line":55,"column":75}}]},"11":{"type":"branch","line":58,"loc":{"start":{"line":58,"column":59},"end":{"line":62,"column":3}},"locations":[{"start":{"line":58,"column":59},"end":{"line":62,"column":3}}]},"12":{"type":"branch","line":61,"loc":{"start":{"line":61,"column":11},"end":{"line":61,"column":77}},"locations":[{"start":{"line":61,"column":11},"end":{"line":61,"column":77}}]},"13":{"type":"branch","line":64,"loc":{"start":{"line":64,"column":41},"end":{"line":73,"column":3}},"locations":[{"start":{"line":64,"column":41},"end":{"line":73,"column":3}}]},"14":{"type":"branch","line":70,"loc":{"start":{"line":70,"column":46},"end":{"line":70,"column":73}},"locations":[{"start":{"line":70,"column":46},"end":{"line":70,"column":73}}]},"15":{"type":"branch","line":75,"loc":{"start":{"line":75,"column":60},"end":{"line":77,"column":3}},"locations":[{"start":{"line":75,"column":60},"end":{"line":77,"column":3}}]},"16":{"type":"branch","line":76,"loc":{"start":{"line":76,"column":11},"end":{"line":76,"column":64}},"locations":[{"start":{"line":76,"column":11},"end":{"line":76,"column":64}}]}},"b":{"0":[1],"1":[9],"2":[1],"3":[1],"4":[1],"5":[1],"6":[1],"7":[1],"8":[1],"9":[1],"10":[1],"11":[1],"12":[1],"13":[1],"14":[1],"15":[1],"16":[1]},"fnMap":{},"f":{}}
,"/Users/carlosrodq/NewDocs/programming/react/scoreboard/src/services/scoreboardService.ts": {"path":"/Users/carlosrodq/NewDocs/programming/react/scoreboard/src/services/scoreboardService.ts","all":false,"statementMap":{"0":{"start":{"line":1,"column":0},"end":{"line":1,"column":63}},"3":{"start":{"line":4,"column":0},"end":{"line":4,"column":32}},"4":{"start":{"line":5,"column":0},"end":{"line":5,"column":93}},"5":{"start":{"line":6,"column":0},"end":{"line":6,"column":34}},"6":{"start":{"line":7,"column":0},"end":{"line":7,"column":19}},"7":{"start":{"line":8,"column":0},"end":{"line":8,"column":29}},"8":{"start":{"line":9,"column":0},"end":{"line":9,"column":29}},"9":{"start":{"line":10,"column":0},"end":{"line":10,"column":19}},"10":{"start":{"line":11,"column":0},"end":{"line":11,"column":19}},"11":{"start":{"line":12,"column":0},"end":{"line":12,"column":23}},"12":{"start":{"line":13,"column":0},"end":{"line":13,"column":36}},"13":{"start":{"line":14,"column":0},"end":{"line":14,"column":6}},"14":{"start":{"line":15,"column":0},"end":{"line":15,"column":34}},"15":{"start":{"line":16,"column":0},"end":{"line":16,"column":3}},"17":{"start":{"line":18,"column":0},"end":{"line":18,"column":107}},"18":{"start":{"line":19,"column":0},"end":{"line":19,"column":31}},"19":{"start":{"line":20,"column":0},"end":{"line":20,"column":43}},"20":{"start":{"line":21,"column":0},"end":{"line":21,"column":5}},"21":{"start":{"line":22,"column":0},"end":{"line":22,"column":55}},"22":{"start":{"line":23,"column":0},"end":{"line":23,"column":41}},"23":{"start":{"line":24,"column":0},"end":{"line":24,"column":5}},"24":{"start":{"line":25,"column":0},"end":{"line":25,"column":33}},"25":{"start":{"line":26,"column":0},"end":{"line":26,"column":45}},"26":{"start":{"line":27,"column":0},"end":{"line":27,"column":87}},"27":{"start":{"line":28,"column":0},"end":{"line":28,"column":87}},"29":{"start":{"line":30,"column":0},"end":{"line":30,"column":48}},"30":{"start":{"line":31,"column":0},"end":{"line":31,"column":7}},"31":{"start":{"line":32,"column":0},"end":{"line":32,"column":3}},"33":{"start":{"line":34,"column":0},"end":{"line":34,"column":69}},"34":{"start":{"line":35,"column":0},"end":{"line":35,"column":55}},"35":{"start":{"line":36,"column":0},"end":{"line":36,"column":41}},"36":{"start":{"line":37,"column":0},"end":{"line":37,"column":5}},"37":{"start":{"line":38,"column":0},"end":{"line":38,"column":33}},"38":{"start":{"line":39,"column":0},"end":{"line":39,"column":45}},"39":{"start":{"line":40,"column":0},"end":{"line":40,"column":46}},"40":{"start":{"line":41,"column":0},"end":{"line":41,"column":7}},"41":{"start":{"line":42,"column":0},"end":{"line":42,"column":3}},"42":{"start":{"line":43,"column":0},"end":{"line":43,"column":1}}},"s":{"0":1,"3":1,"4":1,"5":13,"6":13,"7":13,"8":13,"9":13,"10":13,"11":13,"12":13,"13":13,"14":13,"15":13,"17":1,"18":8,"19":1,"20":1,"21":8,"22":1,"23":1,"24":6,"25":7,"26":7,"27":7,"29":4,"30":6,"31":8,"33":1,"34":4,"35":1,"36":1,"37":3,"38":4,"39":3,"40":3,"41":4,"42":1},"branchMap":{"0":{"type":"branch","line":5,"loc":{"start":{"line":5,"column":2},"end":{"line":16,"column":3}},"locations":[{"start":{"line":5,"column":2},"end":{"line":16,"column":3}}]},"1":{"type":"branch","line":18,"loc":{"start":{"line":18,"column":2},"end":{"line":32,"column":3}},"locations":[{"start":{"line":18,"column":2},"end":{"line":32,"column":3}}]},"2":{"type":"branch","line":19,"loc":{"start":{"line":19,"column":30},"end":{"line":21,"column":5}},"locations":[{"start":{"line":19,"column":30},"end":{"line":21,"column":5}}]},"3":{"type":"branch","line":21,"loc":{"start":{"line":21,"column":4},"end":{"line":22,"column":54}},"locations":[{"start":{"line":21,"column":4},"end":{"line":22,"column":54}}]},"4":{"type":"branch","line":22,"loc":{"start":{"line":22,"column":54},"end":{"line":24,"column":5}},"locations":[{"start":{"line":22,"column":54},"end":{"line":24,"column":5}}]},"5":{"type":"branch","line":24,"loc":{"start":{"line":24,"column":4},"end":{"line":31,"column":7}},"locations":[{"start":{"line":24,"column":4},"end":{"line":31,"column":7}}]},"6":{"type":"branch","line":22,"loc":{"start":{"line":22,"column":22},"end":{"line":22,"column":51}},"locations":[{"start":{"line":22,"column":22},"end":{"line":22,"column":51}}]},"7":{"type":"branch","line":25,"loc":{"start":{"line":25,"column":23},"end":{"line":31,"column":5}},"locations":[{"start":{"line":25,"column":23},"end":{"line":31,"column":5}}]},"8":{"type":"branch","line":26,"loc":{"start":{"line":26,"column":32},"end":{"line":26,"column":45}},"locations":[{"start":{"line":26,"column":32},"end":{"line":26,"column":45}}]},"9":{"type":"branch","line":26,"loc":{"start":{"line":26,"column":39},"end":{"line":27,"column":45}},"locations":[{"start":{"line":26,"column":39},"end":{"line":27,"column":45}}]},"10":{"type":"branch","line":27,"loc":{"start":{"line":27,"column":39},"end":{"line":27,"column":87}},"locations":[{"start":{"line":27,"column":39},"end":{"line":27,"column":87}}]},"11":{"type":"branch","line":27,"loc":{"start":{"line":27,"column":85},"end":{"line":28,"column":27}},"locations":[{"start":{"line":27,"column":85},"end":{"line":28,"column":27}}]},"12":{"type":"branch","line":28,"loc":{"start":{"line":28,"column":22},"end":{"line":28,"column":42}},"locations":[{"start":{"line":28,"column":22},"end":{"line":28,"column":42}}]},"13":{"type":"branch","line":28,"loc":{"start":{"line":28,"column":42},"end":{"line":28,"column":87}},"locations":[{"start":{"line":28,"column":42},"end":{"line":28,"column":87}}]},"14":{"type":"branch","line":28,"loc":{"start":{"line":28,"column":85},"end":{"line":30,"column":48}},"locations":[{"start":{"line":28,"column":85},"end":{"line":30,"column":48}}]},"15":{"type":"branch","line":34,"loc":{"start":{"line":34,"column":2},"end":{"line":42,"column":3}},"locations":[{"start":{"line":34,"column":2},"end":{"line":42,"column":3}}]},"16":{"type":"branch","line":35,"loc":{"start":{"line":35,"column":54},"end":{"line":37,"column":5}},"locations":[{"start":{"line":35,"column":54},"end":{"line":37,"column":5}}]},"17":{"type":"branch","line":37,"loc":{"start":{"line":37,"column":4},"end":{"line":41,"column":7}},"locations":[{"start":{"line":37,"column":4},"end":{"line":41,"column":7}}]},"18":{"type":"branch","line":35,"loc":{"start":{"line":35,"column":22},"end":{"line":35,"column":51}},"locations":[{"start":{"line":35,"column":22},"end":{"line":35,"column":51}}]},"19":{"type":"branch","line":38,"loc":{"start":{"line":38,"column":23},"end":{"line":41,"column":5}},"locations":[{"start":{"line":38,"column":23},"end":{"line":41,"column":5}}]},"20":{"type":"branch","line":39,"loc":{"start":{"line":39,"column":32},"end":{"line":39,"column":45}},"locations":[{"start":{"line":39,"column":32},"end":{"line":39,"column":45}}]},"21":{"type":"branch","line":39,"loc":{"start":{"line":39,"column":39},"end":{"line":40,"column":46}},"locations":[{"start":{"line":39,"column":39},"end":{"line":40,"column":46}}]}},"b":{"0":[13],"1":[8],"2":[1],"3":[7],"4":[1],"5":[6],"6":[8],"7":[7],"8":[1],"9":[6],"10":[1],"11":[5],"12":[4],"13":[1],"14":[4],"15":[4],"16":[1],"17":[3],"18":[3],"19":[4],"20":[1],"21":[3]},"fnMap":{"0":{"name":"addMatch","decl":{"start":{"line":5,"column":2},"end":{"line":16,"column":3}},"loc":{"start":{"line":5,"column":2},"end":{"line":16,"column":3}},"line":5},"1":{"name":"updateScore","decl":{"start":{"line":18,"column":2},"end":{"line":32,"column":3}},"loc":{"start":{"line":18,"column":2},"end":{"line":32,"column":3}},"line":18},"2":{"name":"finishMatch","decl":{"start":{"line":34,"column":2},"end":{"line":42,"column":3}},"loc":{"start":{"line":34,"column":2},"end":{"line":42,"column":3}},"line":34}},"f":{"0":13,"1":8,"2":4}}
}
